commit f6c1839f4edb24c1eb983a196fa90b0c90209893
Author: Cole Mayo <colemayo@utexas.edu>
Date:   Fri Apr 21 02:09:06 2017 +0000

    adding coverage to requirements.txt

commit 495653e619e889924dbb50b9939f7c6071471dd4
Author: PrakharGarg <prakhargarg@utexas.edu>
Date:   Thu Apr 20 21:07:07 2017 -0500

    rename

commit 615d5e614191592273461787c790c1c3d60a56ff
Author: PrakharGarg <prakhargarg@utexas.edu>
Date:   Thu Apr 20 21:06:36 2017 -0500

    test

commit a2c67e33d58fb93386761fa207928ee8608b6801
Author: PrakharGarg <prakhargarg@utexas.edu>
Date:   Thu Apr 20 20:45:23 2017 -0500

    one search

commit 3a0f4d784ef962022fa80c069a09e6102bca7a9c
Author: PrakharGarg <prakhargarg@utexas.edu>
Date:   Thu Apr 20 20:36:44 2017 -0500

    makefile

commit 700291714cacd33f533184171731e6d05adb655a
Merge: f3c26c8 e55a908
Author: PrakharGarg <prakhargarg@utexas.edu>
Date:   Thu Apr 20 20:28:00 2017 -0500

    Merge branch 'master' of https://github.com/PrakharGarg/idb

commit f3c26c8a066a52b2bf29ee0c86c881ef25ed8bd9
Author: PrakharGarg <prakhargarg@utexas.edu>
Date:   Thu Apr 20 20:27:51 2017 -0500

    about page

commit e55a908a69698efd1441a9067cb06ade03a6a1ab
Author: Cole Mayo <colemayo@utexas.edu>
Date:   Fri Apr 21 01:24:13 2017 +0000

    adding nginx config

commit b6d48439c3583951f491e3f5b0ab464916131ce5
Merge: d2a690b a4a191f
Author: PrakharGarg <prakhargarg@utexas.edu>
Date:   Thu Apr 20 20:11:01 2017 -0500

    Merge branch 'master' of https://github.com/PrakharGarg/idb

commit d2a690b452e17352323680252778c3a668618c75
Author: PrakharGarg <prakhargarg@utexas.edu>
Date:   Thu Apr 20 20:10:52 2017 -0500

    venue public bug

commit a4a191ff49d806cd92bd9d164c3a508bc2d77e73
Merge: 75b23b9 14bb3a6
Author: Cole Mayo <colemayo@utexas.edu>
Date:   Thu Apr 20 20:10:11 2017 -0500

    Merge branch 'master' of https://github.com/PrakharGarg/idb

commit 75b23b9f5c6f4d601d0e4dee3d5a1fce57b1f748
Author: Cole Mayo <colemayo@utexas.edu>
Date:   Thu Apr 20 20:09:42 2017 -0500

    adding presentation link resolves #118

commit 14bb3a61cae7c8ef55c719d996cd5bfc98605b67
Author: PrakharGarg <prakhargarg@utexas.edu>
Date:   Thu Apr 20 20:07:34 2017 -0500

    venue images

commit 97d288a69e7f3e6454f233e2261d7b25562cf1fc
Author: PrakharGarg <prakhargarg@utexas.edu>
Date:   Thu Apr 20 20:05:47 2017 -0500

    pagination is all done

commit 968b9f37d7f96d51c2817034764223d341d64f4c
Author: PrakharGarg <prakhargarg@utexas.edu>
Date:   Thu Apr 20 19:58:44 2017 -0500

    pages

commit 806635f9cfd5e53d70048ce5d8b898d358ea25e6
Author: PrakharGarg <prakhargarg@utexas.edu>
Date:   Thu Apr 20 19:51:12 2017 -0500

    pagination done

commit bd478f9f506383aa377b54c88529f72f1be9c0f2
Merge: c0f7e3b 10222b8
Author: PrakharGarg <prakhargarg@utexas.edu>
Date:   Thu Apr 20 19:42:59 2017 -0500

    Merge branch 'master' of https://github.com/PrakharGarg/idb

commit c0f7e3b850217a76be86edae8b9dd004990aad62
Author: PrakharGarg <prakhargarg@utexas.edu>
Date:   Thu Apr 20 19:42:53 2017 -0500

    yay

commit 10222b87804de5af847edf35f1247a4cb3290f87
Merge: 9256f7c 54cb88d
Author: Amirali Hashim <amirali.hashim@gmail.com>
Date:   Thu Apr 20 19:29:30 2017 -0500

    Merge branch 'master' of https://github.com/PrakharGarg/idb

commit 9256f7c0d41077cffe5c4dc7a18b1f13034f9616
Author: Amirali Hashim <amirali.hashim@gmail.com>
Date:   Thu Apr 20 19:29:25 2017 -0500

    added pages to statates, venues, and breweries

commit 54cb88d41f2f9475a979e8fa120af98731ac2d80
Author: PrakharGarg <prakhargarg@utexas.edu>
Date:   Thu Apr 20 19:28:01 2017 -0500

    we are cool katz

commit f23cb5fc8b34fdab56f3de5434c0b974b29eb8c5
Merge: e3929bd fb5092d
Author: Prakhar Garg <prakhargarg@utexas.edu>
Date:   Thu Apr 20 18:02:55 2017 -0500

    Merge pull request #117 from PrakharGarg/reactpag
    
    Reactpag

commit fb5092daccb52aa01c2939e4ad969a01ef64de5d
Author: Cole Mayo <colemayo@utexas.edu>
Date:   Thu Apr 20 18:00:43 2017 -0500

    using fucntion callback

commit 80e93e5fc9b329285cce1e4d2047aba101a1dfe1
Author: PrakharGarg <prakhargarg@utexas.edu>
Date:   Thu Apr 20 17:55:27 2017 -0500

    meg

commit e3929bdc63c057b8aef35a85e704e42ced79736b
Author: as43574 <adstorey@gmail.com>
Date:   Thu Apr 20 17:00:00 2017 -0500

    Transferring API Description file from Apiary.io

commit 4a295b60c2ec2f5146822f814107bbd21361d461
Author: PrakharGarg <prakhargarg@utexas.edu>
Date:   Thu Apr 20 16:24:44 2017 -0500

    make env

commit e0045fc704b93183917f9e39126dc60a43a1d788
Author: PrakharGarg <prakhargarg@utexas.edu>
Date:   Thu Apr 20 16:16:06 2017 -0500

    html and log

commit 9e0bdfbb1122bbc7487a9134623a9e41a91df567
Author: PrakharGarg <prakhargarg@utexas.edu>
Date:   Thu Apr 20 16:14:51 2017 -0500

    makefile

commit 937200441cb1b3130de2659ec157bbbb58c664c4
Author: PrakharGarg <prakhargarg@utexas.edu>
Date:   Thu Apr 20 16:12:17 2017 -0500

    pylint done

commit 68afca028f57df3a4fe50aeb1840d6a5cd809a09
Author: PrakharGarg <prakhargarg@utexas.edu>
Date:   Thu Apr 20 16:03:31 2017 -0500

    api is done

commit ac15545987527eb08b33a1f25000b092fbf0178b
Merge: 048cce2 bd7d6c5
Author: PrakharGarg <prakhargarg@utexas.edu>
Date:   Thu Apr 20 15:42:37 2017 -0500

    Merge branch 'master' of https://github.com/PrakharGarg/idb

commit 048cce22cb81b3afeb0da6a00a2724e4545b0ea3
Author: PrakharGarg <prakhargarg@utexas.edu>
Date:   Thu Apr 20 15:42:34 2017 -0500

    changing api

commit bd7d6c5df729413603c00568bc9e4d5272bc2cdc
Author: Amirali Hashim <amirali.hashim@gmail.com>
Date:   Thu Apr 20 15:36:31 2017 -0500

    minor tweak to beers.js file

commit c6f47e972ecee9afa37c904d21e3a88b9ccf81f4
Author: PrakharGarg <prakhargarg@utexas.edu>
Date:   Thu Apr 20 15:31:23 2017 -0500

    pagin fix

commit fd44a5d2ed3b7a5b3e11dc06663db61e6399734e
Merge: f5c67e3 4d99968
Author: Prakhar Garg <prakhargarg@utexas.edu>
Date:   Thu Apr 20 15:22:39 2017 -0500

    Merge pull request #116 from PrakharGarg/pagin
    
    Pagin

commit 4d99968537833be4d83ec9474852500f3e7870e7
Author: PrakharGarg <prakhargarg@utexas.edu>
Date:   Thu Apr 20 15:21:23 2017 -0500

    pagination on search 'done'

commit 8e0fb2e3a118743a1f20cc64a96a276cc4c9635d
Author: PrakharGarg <prakhargarg@utexas.edu>
Date:   Thu Apr 20 15:11:30 2017 -0500

    or pagination done

commit f5c67e343b2e002354e0e0ac6cd8ab66c34d9efe
Merge: a848549 33df2e3
Author: Amirali Hashim <amirali.hashim@gmail.com>
Date:   Thu Apr 20 15:08:46 2017 -0500

    Merge branch 'master' of https://github.com/PrakharGarg/idb

commit a8485494b7537eb9e4e8ca1daec33b3a5c6fa4a8
Author: Amirali Hashim <amirali.hashim@gmail.com>
Date:   Thu Apr 20 15:07:02 2017 -0500

    Filtering done fofor venues and breweries

commit 33df2e3c3aa1481636549964f6e414aeeb3da301
Merge: 9bcddbe 892a264
Author: Drew Storey <adstorey@gmail.com>
Date:   Thu Apr 20 15:01:30 2017 -0500

    Merge branch 'master' of https://github.com/PrakharGarg/idb

commit 9bcddbe04193f66bd0ac201b4666a11db7d890e7
Author: Drew Storey <adstorey@gmail.com>
Date:   Thu Apr 20 15:01:12 2017 -0500

    Cleans up unneeded files and visualization

commit 225610c53526c3c15d6aaa11799866446bc2e77e
Author: Drew Storey <adstorey@gmail.com>
Date:   Wed Apr 19 23:27:40 2017 -0500

    adds to the description on visualization

commit 754320b61e31852a4c0124e19c26361589cddbd2
Author: Arjun Gopisetty <arjun.gopisetty@gmail.com>
Date:   Wed Apr 19 22:00:01 2017 -0500

    Added visualization blurb

commit c4353adf903c8a83cf6527d7b4bdc32b5a54899c
Author: Drew Storey <adstorey@gmail.com>
Date:   Wed Apr 19 21:44:19 2017 -0500

    fixes trailing comma in json

commit 9d1d71f378a1bc7fee0b1f1b4625d26183cdf669
Author: PrakharGarg <prakhargarg@utexas.edu>
Date:   Thu Apr 20 14:22:17 2017 -0500

    crappy working

commit e317b3b8894fc446dac4ebdc43b6f3c0467ab414
Author: PrakharGarg <prakhargarg@utexas.edu>
Date:   Thu Apr 20 14:13:58 2017 -0500

    very basic pagination works

commit 892a2640a8ca1197a632a0c5deb44015e75f2d31
Merge: 2a6b7f5 0c8669b
Author: Amirali Hashim <amirali.hashim@gmail.com>
Date:   Thu Apr 20 12:34:23 2017 -0500

    Merge branch 'master' of https://github.com/PrakharGarg/idb

commit 2a6b7f5640882abcbbb85385cf4c865ad04f50de
Author: Amirali Hashim <amirali.hashim@gmail.com>
Date:   Thu Apr 20 12:33:53 2017 -0500

    filters on States papage

commit 0c8669bfef742a213898d38a182341b7d6aaaa19
Author: PrakharGarg <prakhargarg@utexas.edu>
Date:   Thu Apr 20 12:18:52 2017 -0500

    image fixed

commit d6b09404736e4b0bf4d2958ec39e4db1386dcb1a
Author: Patrick Moore <phatrickmoore@gmail.com>
Date:   Thu Apr 20 11:14:20 2017 -0500

    pydoc fixes, very hacky

commit c5de52d1b19ae4ee3c0d0c9884d7e5d00ad31434
Merge: a599968 56f2919
Author: Patrick Moore <phatrickmoore@gmail.com>
Date:   Thu Apr 20 10:33:26 2017 -0500

    Merge branch 'master' of https://github.com/PrakharGarg/idb

commit a5999683a431262750e1f2baf48871cb814929a0
Author: Patrick Moore <phatrickmoore@gmail.com>
Date:   Thu Apr 20 10:33:20 2017 -0500

    coverage runs in website, for some reason can now just be called via subprocess

commit 56f2919c67721df1beb37ca18f7bc61733cbaba8
Author: PrakharGarg <prakhargarg@utexas.edu>
Date:   Thu Apr 20 10:11:12 2017 -0500

    Refactor search

commit e89d33f16c503e10a8ac9325f42e8ce5decb7ff4
Merge: 906777f 4dfee99
Author: PrakharGarg <prakhargarg@utexas.edu>
Date:   Wed Apr 19 23:59:56 2017 -0500

    Merge branch 'master' of https://github.com/PrakharGarg/idb

commit 906777f207347b591ec52faabdafead934fac22f
Author: PrakharGarg <prakhargarg@utexas.edu>
Date:   Wed Apr 19 23:59:38 2017 -0500

    search is done. Issue #119

commit 38f27df16438cd096d1837c5c05ab75bb09162f9
Author: PrakharGarg <prakhargarg@utexas.edu>
Date:   Wed Apr 19 23:58:08 2017 -0500

    meg

commit 4dfee99c3189c92ec987242cf69b3773dbbb2cb8
Author: Amirali Hashim <amirali.hashim@gmail.com>
Date:   Wed Apr 19 23:48:21 2017 -0500

    fix layout

commit d1da7676ae5dc822e20c1c2ffd6d1c6db34b35c0
Merge: 72fba60 190ed30
Author: Cole Mayo <colemayo@utexas.edu>
Date:   Wed Apr 19 23:37:20 2017 -0500

    Merge branch 'master' of https://github.com/PrakharGarg/idb

commit 72fba6064e703e526488dc3e3fe87f1730c2bbb5
Author: Cole Mayo <colemayo@utexas.edu>
Date:   Wed Apr 19 23:37:13 2017 -0500

    more updates haha cheah boiiiii #112

commit 8bbafd57342f4428b59a786c8f6c38c110fd9b43
Author: Cole Mayo <colemayo@utexas.edu>
Date:   Wed Apr 19 23:31:00 2017 -0500

    show that we are using react instead of angular #112

commit 190ed3002750abf91f9207c0b57b871d88d48cae
Author: Patrick Moore <phatrickmoore@gmail.com>
Date:   Wed Apr 19 23:30:55 2017 -0500

    looken good

commit 4d411b062ce903c8aba468c8673086a0dc5907fc
Author: Cole Mayo <colemayo@utexas.edu>
Date:   Wed Apr 19 22:39:16 2017 -0500

    updating .gitignore to ignore node_modules #111

commit 4cf65621cc8172ef694ddd664907d58a9e3d89f4
Author: Cole Mayo <colemayo@utexas.edu>
Date:   Wed Apr 19 22:38:40 2017 -0500

    removing node modules resovles #111

commit 3c95cbd41db6e996caf5a0095cd9287768303d31
Author: Patrick Moore <phatrickmoore@gmail.com>
Date:   Wed Apr 19 22:18:28 2017 -0500

    why do i even have these

commit 1b742c6872d403adef14561a8e195ed3f3328111
Merge: 35ec0f5 3c34469
Author: Patrick Moore <phatrickmoore@gmail.com>
Date:   Wed Apr 19 22:17:25 2017 -0500

    Merge branch 'master' into pat
    
    Conflicts:
    	project/models.py
    	project/static/scripts/js/beers.js
    	project/static/scripts/jsx/beers.js
    	project/tests.py

commit 35ec0f55cc1883219145568996bf619da0ecb7e4
Author: Patrick Moore <phatrickmoore@gmail.com>
Date:   Wed Apr 19 22:13:04 2017 -0500

    working maybe

commit 3c34469367a0c5b51aacbd631dd29463e6a58e64
Author: Cole Mayo <colemayo@utexas.edu>
Date:   Wed Apr 19 16:21:04 2017 +0000

    updating flask requirment

commit 3b66ecfd070d137c94ba0b1a7907775c49dd9f5d
Author: Drew Storey <adstorey@gmail.com>
Date:   Tue Apr 18 23:07:27 2017 -0500

    actually removes file from static dir

commit e782b30a385161d96a06de20b5d50712d50f1a9d
Merge: 48a1812 414f4b8
Author: Drew Storey <adstorey@gmail.com>
Date:   Tue Apr 18 23:05:39 2017 -0500

    Merge branch 'visual' of https://github.com/PrakharGarg/idb into visual

commit 48a1812410a2184e6f405e55d10991064243727e
Author: Drew Storey <adstorey@gmail.com>
Date:   Tue Apr 18 23:05:15 2017 -0500

    moved dummy data out of project static dir

commit 8dc04310df165b24964121dfac16a9a17934388d
Author: Drew Storey <adstorey@gmail.com>
Date:   Tue Apr 18 22:42:08 2017 -0500

    creates simple implementation of visualization

commit 59b05ddbf6ad07060938ecfdae6ef6bec8af1ddf
Author: Drew Storey <adstorey@gmail.com>
Date:   Tue Apr 18 14:31:15 2017 -0500

    removes unnecessary file

commit a9d5164b8bc97625ffe42d850210cd64099c6f67
Author: Drew Storey <adstorey@gmail.com>
Date:   Tue Apr 18 14:28:39 2017 -0500

    Working visualization using dummy data

commit befd91b19222b8397d4c01500523d3e3229f5591
Author: Drew Storey <adstorey@gmail.com>
Date:   Wed Apr 12 15:44:10 2017 -0500

    adds tag info

commit 718c3718cf1ca5e8a58bc1f52ca9e76c8fae5282
Author: Drew Storey <adstorey@gmail.com>
Date:   Wed Apr 12 15:02:55 2017 -0500

    adds grocery_item info

commit aeccdb667dab10e2fde12bd169ef8a0263f7cdb4
Author: Drew Storey <adstorey@gmail.com>
Date:   Wed Apr 12 14:48:52 2017 -0500

    adds recipe info

commit 51082ca0e964560aec389c8b68264337af53e03d
Author: Drew Storey <adstorey@gmail.com>
Date:   Wed Apr 12 14:32:35 2017 -0500

    completes first round of data collection for ingredient information

commit 64d4346ca7b7f3c1b3adbf055e4da23d925b4f22
Author: Drew Storey <adstorey@gmail.com>
Date:   Wed Apr 12 14:01:38 2017 -0500

    adds json files containing all data, plus first script to retrieve specific data

commit 414f4b83d3f9d122212079d2c635311604423b26
Merge: f0d0e58 4cbf1fc
Author: Drew Storey <adstorey@gmail.com>
Date:   Tue Apr 18 22:43:12 2017 -0500

    Merge branch 'visual' of https://github.com/PrakharGarg/idb into visual

commit f0d0e581142574350bc904961b032be162d82e55
Author: Drew Storey <adstorey@gmail.com>
Date:   Tue Apr 18 22:42:08 2017 -0500

    creates simple implementation of visualization

commit 5ffb8cc7b877baa0c562310b64c9f9b06c1581a4
Merge: 47d09b1 822d3b1
Author: Prakhar Garg <prakhargarg@utexas.edu>
Date:   Tue Apr 18 17:46:27 2017 -0500

    Merge pull request #109 from PrakharGarg/all_attr
    
    few changes

commit 822d3b1b120f7c9422dba4e2b4223868d2f5249d
Author: PrakharGarg <prakhargarg@utexas.edu>
Date:   Tue Apr 18 17:45:38 2017 -0500

    few changes

commit 47d09b11205895b6d702903ea33faab1c1936018
Merge: b35f77e 7e89d65
Author: Prakhar Garg <prakhargarg@utexas.edu>
Date:   Tue Apr 18 17:26:40 2017 -0500

    Merge pull request #108 from PrakharGarg/pretty_results
    
    Pretty results

commit 7e89d6537f7fdcc8feefd48513f83ba93a086f08
Author: PrakharGarg <prakhargarg@utexas.edu>
Date:   Tue Apr 18 17:22:30 2017 -0500

    yay

commit 231f7b4d07883fa0fceb79a1cfd7f79c185f835e
Author: PrakharGarg <prakhargarg@utexas.edu>
Date:   Tue Apr 18 17:06:19 2017 -0500

    whoohoo

commit 67758714d85dd9a91dfd147fcfef411eff508a9f
Author: PrakharGarg <prakhargarg@utexas.edu>
Date:   Tue Apr 18 16:40:14 2017 -0500

    search done

commit 68cd88413efacca3d743280633211c7df38bb71b
Author: PrakharGarg <prakhargarg@utexas.edu>
Date:   Tue Apr 18 16:12:31 2017 -0500

    search is doneish

commit b28017000c234b5526393aea8537d6ce39ceaad3
Author: PrakharGarg <prakhargarg@utexas.edu>
Date:   Tue Apr 18 15:54:12 2017 -0500

    case insensitive

commit 9f9f04bc9dbd9fe8d85ffe517252f0a6ef1b40c7
Author: PrakharGarg <prakhargarg@utexas.edu>
Date:   Tue Apr 18 15:35:48 2017 -0500

    small tweaks to search

commit ba6ef59388f31cc534128400398ce688deca2cfa
Author: PrakharGarg <prakhargarg@utexas.edu>
Date:   Tue Apr 18 15:19:04 2017 -0500

    got bold to work

commit 9ee346d5e842e1c6fe2474433f43171c420962a6
Author: Patrick Moore <phatrickmoore@gmail.com>
Date:   Tue Apr 18 15:04:27 2017 -0500

    good stuff here

commit b35f77e1f29e0fb24248f97388952875e11619ea
Merge: 0a5842b b32b055
Author: Prakhar Garg <prakhargarg@utexas.edu>
Date:   Tue Apr 18 14:38:31 2017 -0500

    Merge pull request #106 from PrakharGarg/search
    
    Search

commit b32b055176463396efc6fb88d998706527153e1a
Author: PrakharGarg <prakhargarg@utexas.edu>
Date:   Tue Apr 18 14:37:38 2017 -0500

    search works

commit 0bd65f36791d520d96fb8107bad26e7a730f70a5
Author: Drew Storey <adstorey@gmail.com>
Date:   Tue Apr 18 14:31:15 2017 -0500

    removes unnecessary file

commit e2f30014d2c4c29646bda0d813b080cd55c1669f
Author: PrakharGarg <prakhargarg@utexas.edu>
Date:   Tue Apr 18 14:29:46 2017 -0500

    whoop whoop

commit 8f210adcde9337e3e4ccd1dca9a27e9107d537f0
Author: Drew Storey <adstorey@gmail.com>
Date:   Tue Apr 18 14:28:39 2017 -0500

    Working visualization using dummy data

commit 99ff7b6c0eeabe0c0fa772134731e1ebb4dcf044
Author: PrakharGarg <prakhargarg@utexas.edu>
Date:   Tue Apr 18 14:00:08 2017 -0500

    getting closer

commit 8dccfec279d91ad4902fd4da31addabf11cc85bf
Author: PrakharGarg <prakhargarg@utexas.edu>
Date:   Tue Apr 18 13:54:29 2017 -0500

    search works

commit 2e9b94ce8c3056de79668c6f956e779f18152d62
Author: Drew Storey <adstorey@gmail.com>
Date:   Wed Apr 12 15:44:10 2017 -0500

    adds tag info

commit adbaaefff3d7c540a0b83059031aea7a6b47827f
Author: Drew Storey <adstorey@gmail.com>
Date:   Wed Apr 12 15:02:55 2017 -0500

    adds grocery_item info

commit 0367e48a6508beb7344df70d5c4ae4879c960634
Author: Drew Storey <adstorey@gmail.com>
Date:   Wed Apr 12 14:48:52 2017 -0500

    adds recipe info

commit 373f0badfe4f4fea1d5ecd6c0f3ea2ff76b6d054
Author: Drew Storey <adstorey@gmail.com>
Date:   Wed Apr 12 14:32:35 2017 -0500

    completes first round of data collection for ingredient information

commit 2895dd151b3d5988f96dfe3d10be1a9b33c1b5c4
Author: Drew Storey <adstorey@gmail.com>
Date:   Wed Apr 12 14:01:38 2017 -0500

    adds json files containing all data, plus first script to retrieve specific data

commit 0a5842b36c240bcc374dfe93a78d13ee935e2977
Author: Cole Mayo <colemayo@utexas.edu>
Date:   Tue Apr 18 13:16:24 2017 -0500

    removing tests from travis since they all break #104

commit 92cf81faaa7810119a4c6c064ec9ecbcd006dbf9
Merge: d138990 e110fa8
Author: Cole Mayo <colemayo@utexas.edu>
Date:   Tue Apr 18 13:13:32 2017 -0500

    Merge branch 'master' of https://github.com/prakhargarg/idb

commit d138990bfdaeaf69a3ec2e2173e190bcdc70d322
Author: Cole Mayo <colemayo@utexas.edu>
Date:   Tue Apr 18 13:13:20 2017 -0500

    attempting to make travis run unit tests #104

commit 4ff546a8fd5c5c018b776a82fa60379273b7b347
Author: Cole Mayo <colemayo@utexas.edu>
Date:   Tue Apr 18 13:04:26 2017 -0500

    added try except blocks to imports for test to run locally and from the comand line #105

commit 6c0e5fe78f7140a5afd4c71599faf265c4e3df19
Author: PrakharGarg <prakhargarg@utexas.edu>
Date:   Tue Apr 18 13:02:38 2017 -0500

    get all models

commit f8e6b8c52a93260b6b7b3035fcfc576fbe5c1b8c
Author: Cole Mayo <colemayo@utexas.edu>
Date:   Tue Apr 18 12:55:35 2017 -0500

    cleaned up makefile, removed things that are broken or useless #103

commit e110fa8e7e5292d54ceaf7ee45d0943c5fd5e997
Author: PrakharGarg <prakhargarg@utexas.edu>
Date:   Tue Apr 18 12:49:12 2017 -0500

    readme

commit 523fcd6c25b612266b488e6071934ae562fa54bd
Author: PrakharGarg <prakhargarg@utexas.edu>
Date:   Tue Apr 18 12:46:41 2017 -0500

    remove app.yaml

commit 6c8b7eef88b8e610724de9f8e7222fcb4be03903
Merge: 26e3c67 9ead9c1
Author: PrakharGarg <prakhargarg@utexas.edu>
Date:   Tue Apr 18 12:44:07 2017 -0500

    Merge branch 'master' into filters

commit 9ead9c128b6ae25d9dc0547bbfacc7129e62fefa
Author: PrakharGarg <prakhargarg@utexas.edu>
Date:   Tue Apr 18 12:39:23 2017 -0500

    nuke master

commit 26e3c6761b2a1b82e219e1b31dfcdbd9816821a5
Author: PrakharGarg <prakhargarg@utexas.edu>
Date:   Tue Apr 18 12:38:19 2017 -0500

    make this master

commit b34ba75450e8404c9c6ee2ae5fd2d5b1e014e711
Author: PrakharGarg <prakhargarg@utexas.edu>
Date:   Mon Apr 17 14:24:20 2017 -0500

    fixed founded

commit 6846af7312d1e3b27ab2e65a130e57176ca792dd
Author: PrakharGarg <prakhargarg@utexas.edu>
Date:   Mon Apr 17 13:32:28 2017 -0500

    meh

commit 1be87a0daa54e9b8d8c7bae49c3bf49046a63e9e
Author: PrakharGarg <prakhargarg@utexas.edu>
Date:   Mon Apr 17 13:28:08 2017 -0500

    fixed venues

commit 22a1bd61f3474025545d49759449797789f3c5f5
Author: PrakharGarg <prakhargarg@utexas.edu>
Date:   Mon Apr 17 12:51:08 2017 -0500

    whoops

commit 4f38221ffca09386819eee582e1685bc51072ca2
Merge: 67ad0cc 93ddf36
Author: PrakharGarg <prakhargarg@utexas.edu>
Date:   Mon Apr 17 12:48:57 2017 -0500

    Merge branch 'filters' of https://github.com/PrakharGarg/idb into filters

commit 67ad0ccf96b01e4a1e15cbef43a1b32162b2808b
Author: PrakharGarg <prakhargarg@utexas.edu>
Date:   Mon Apr 17 12:48:32 2017 -0500

    i'm da boss

commit 93ddf36ece094aeb6c3818a02337f0491405af00
Author: Cole Mayo <colemayo@utexas.edu>
Date:   Mon Apr 17 17:38:39 2017 +0000

    add other neccessary pip dependencies resolves #100

commit 00a340b5e05716b6f4dba52c6d5922b0ef2cba9a
Author: PrakharGarg <prakhargarg@utexas.edu>
Date:   Mon Apr 17 12:07:20 2017 -0500

    route fix

commit ed2ab843950709561f1964a39c0831dcdb7a4f88
Author: PrakharGarg <prakhargarg@utexas.edu>
Date:   Sun Apr 16 15:15:47 2017 -0500

    fixed time

commit a1600cc2c629260184416a6d5c905737e85b41d0
Author: PrakharGarg <prakhargarg@utexas.edu>
Date:   Sun Apr 16 15:02:34 2017 -0500

    face lift

commit 6c0f52caccc6f92f32f1c080cbe0a617c0b188ad
Author: PrakharGarg <prakhargarg@utexas.edu>
Date:   Sun Apr 16 14:23:17 2017 -0500

    fixed font

commit 1fbdca25b4cf1c1978ac16bf8ea4cdeda337cede
Author: PrakharGarg <prakhargarg@utexas.edu>
Date:   Sun Apr 16 14:00:17 2017 -0500

    I got Issue #99, but this one is done

commit 4cbf1fcb3497d3b6134ae181aa66525087c83e77
Author: Drew Storey <adstorey@gmail.com>
Date:   Wed Apr 12 15:44:10 2017 -0500

    adds tag info

commit 1d22e16dd13dbe11733058620296550cc6d5d7f3
Author: Drew Storey <adstorey@gmail.com>
Date:   Wed Apr 12 15:02:55 2017 -0500

    adds grocery_item info

commit 8d754865d69959e8655eab4d3574fe34422bc409
Author: Drew Storey <adstorey@gmail.com>
Date:   Wed Apr 12 14:48:52 2017 -0500

    adds recipe info

commit de27ac642d513193615c39bfbc8a9173ac0298ea
Author: Drew Storey <adstorey@gmail.com>
Date:   Wed Apr 12 14:32:35 2017 -0500

    completes first round of data collection for ingredient information

commit 212e5a90daafc04c8b77450871cbc81494885bed
Author: PrakharGarg <prakhargarg@utexas.edu>
Date:   Wed Apr 12 14:21:36 2017 -0500

    added visualization

commit dd67a69f98f8907837a24dc8a768eea0a1ce1100
Author: PrakharGarg <prakhargarg@utexas.edu>
Date:   Wed Apr 12 14:19:37 2017 -0500

    make routes

commit 425a1c4216487c217b8ca20e7533a4f5e685050e
Author: Drew Storey <adstorey@gmail.com>
Date:   Wed Apr 12 14:01:38 2017 -0500

    adds json files containing all data, plus first script to retrieve specific data

commit d447d4796e18ecd2246069c13afbf808970a122f
Author: PrakharGarg <prakhargarg@utexas.edu>
Date:   Wed Apr 12 13:33:22 2017 -0500

    tests:

commit e67c5e5e87ce48de2d244a8f52320853eabda421
Author: Patrick Moore <phatrickmoore@gmail.com>
Date:   Wed Apr 12 13:31:36 2017 -0500

    working filtering demo

commit dfe73c275404cf89d6fd3d29400258669b0511f6
Author: PrakharGarg <prakhargarg@utexas.edu>
Date:   Wed Apr 12 11:28:20 2017 -0500

    search bar

commit 03107f2c4cf5dec3c26a92913dd6a8e2e34d096e
Author: Patrick Moore <phatrickmoore@gmail.com>
Date:   Tue Apr 11 15:01:06 2017 -0500

    fooling around with a search / filter bar

commit 44ceb1ecb744fa49a30c3a63be334b5288b02401
Author: Patrick Moore <phatrickmoore@gmail.com>
Date:   Tue Apr 11 13:19:57 2017 -0500

    axis is now a dependency

commit 0c3d86c8df27278f1532e7d8a6ff84af633930fc
Author: PrakharGarg <prakhargarg@utexas.edu>
Date:   Tue Apr 11 13:05:39 2017 -0500

    fixed imports

commit 1b8f1b65ee0377097d839682aee9a624aa751654
Author: PrakharGarg <prakhargarg@utexas.edu>
Date:   Tue Apr 11 12:24:01 2017 -0500

    links on grid works

commit f42b8bc8c88e13c4ad2484aeffbece197516f5fa
Author: PrakharGarg <prakhargarg@utexas.edu>
Date:   Tue Apr 11 12:10:02 2017 -0500

    venues

commit dcd4a283ade64125a40d23711f2da286a9b0e601
Author: PrakharGarg <prakhargarg@utexas.edu>
Date:   Tue Apr 11 11:57:44 2017 -0500

    states

commit c9b1babf031363161ddb8eb1342f5baad5c32886
Author: PrakharGarg <prakhargarg@utexas.edu>
Date:   Tue Apr 11 11:49:10 2017 -0500

    breweries

commit 4e9018cf732af98e6a6af4a03009273fa546cf05
Author: PrakharGarg <prakhargarg@utexas.edu>
Date:   Tue Apr 11 11:29:30 2017 -0500

    beers.html

commit 5f62100694a27d4097bd4150cb82b728c5ba962f
Merge: 660b287 22c07e8
Author: PrakharGarg <prakhargarg@utexas.edu>
Date:   Tue Apr 11 11:25:41 2017 -0500

    Merge branch 'filters' of https://github.com/PrakharGarg/idb into filters

commit 660b28795b7c7175231bd460bef38305066bca58
Author: PrakharGarg <prakhargarg@utexas.edu>
Date:   Tue Apr 11 11:23:31 2017 -0500

    new script

commit b9aee80a37e492d588854bed65648335acea8ff2
Author: PrakharGarg <prakhargarg@utexas.edu>
Date:   Tue Apr 11 11:11:24 2017 -0500

    react beers

commit 22c07e8306e5f19ad93c9be4ad41a784f6863dcb
Merge: d2afa6e f89dddc
Author: Drew Storey <adstorey@gmail.com>
Date:   Mon Apr 10 20:57:10 2017 -0500

    Merge branch 'filters' of https://github.com/PrakharGarg/idb into filters

commit d2afa6e20c10702729ac1122d2213f5abde4d040
Author: Drew Storey <adstorey@gmail.com>
Date:   Mon Apr 10 20:56:46 2017 -0500

    Changes api links to include more information on the get all endpoints

commit f89dddc063caf8276c6490899e9c9bad119dd603
Merge: 73c38c5 9e1116d
Author: PrakharGarg <prakhargarg@utexas.edu>
Date:   Mon Apr 10 20:49:47 2017 -0500

    Merge branch 'filters' of https://github.com/PrakharGarg/idb into filters

commit 73c38c500f8f778d656b7837211dd0d0313a2ed3
Author: PrakharGarg <prakhargarg@utexas.edu>
Date:   Mon Apr 10 20:49:28 2017 -0500

    stuff

commit 9e1116d36ab25c5600e566d2ca8c17487479a1a9
Author: Drew Storey <adstorey@gmail.com>
Date:   Mon Apr 10 19:45:54 2017 -0500

    Fixes founded dates to be integer years, not float days

commit 16c6881b70cfa55107c561c6e5c270227775b545
Author: PrakharGarg <prakhargarg@utexas.edu>
Date:   Mon Apr 10 19:09:40 2017 -0500

    venue

commit aeb8104e24d416c66c48e4c54bc6ee13044042bc
Author: PrakharGarg <prakhargarg@utexas.edu>
Date:   Mon Apr 10 18:56:29 2017 -0500

    sql

commit 169c77458f4d90e05dd7231a715818cdbfffdcd7
Author: PrakharGarg <prakhargarg@utexas.edu>
Date:   Mon Apr 10 18:32:12 2017 -0500

    new repo

commit 255470d31f753f0a6b3577f32cfabcf1fad7c2c6
Author: PrakharGarg <prakhargarg@utexas.edu>
Date:   Thu Apr 6 21:43:11 2017 -0500

    done

commit 5204da3caab6ae023702fa4e65cb4930bcc9aacd
Author: Cole Mayo <colemayo@utexas.edu>
Date:   Thu Apr 6 21:42:00 2017 -0500

    commenting sensitive import, removing c.tmp

commit 125cb92904e0c4982f051a0ec1926706ebd47d3d
Author: Cole Mayo <colemayo@utexas.edu>
Date:   Thu Apr 6 21:30:37 2017 -0500

    remvoing the things that were never here in the first place ;)

commit 83bc6c1c587b01154259550cf08ba448d5c00041
Author: PrakharGarg <prakhargarg@utexas.edu>
Date:   Thu Apr 6 21:28:54 2017 -0500

    done

commit 979a02e6cff2c8454af84d16abf2207f2f64e829
Merge: 09f44ef 99a71bb
Author: PrakharGarg <prakhargarg@utexas.edu>
Date:   Thu Apr 6 21:25:54 2017 -0500

    Merge branch 'master' of https://github.com/PrakharGarg/idb

commit 99a71bbdecd6bd649148434b1ea949055f074767
Author: Patrick Moore <phatrickmoore@gmail.com>
Date:   Thu Apr 6 21:22:58 2017 -0500

    why?!?!?

commit 09f44ef8e9489ae4b1c51d3ac23b2b35f0875237
Author: Cole Mayo <colemayo@utexas.edu>
Date:   Thu Apr 6 21:22:51 2017 -0500

    installing pip on travis

commit 708d3be4ac5afa3d96f01c8f84c00de9f9399aa7
Merge: ab3358f c60c7a0
Author: Patrick Moore <phatrickmoore@gmail.com>
Date:   Thu Apr 6 21:22:18 2017 -0500

    Merge branch 'master' of https://github.com/PrakharGarg/idb
    
    Conflicts:
    	.coverage
    	IDB2.html
    	IDB2.log
    	c.tmp
    	makefile

commit eb85f8e8b463903bb248ac8f1351492ef2dcec1f
Author: Cole Mayo <colemayo@utexas.edu>
Date:   Thu Apr 6 21:20:42 2017 -0500

    uncommenting out the real database

commit 90a1ace6ce965b84a652af28e93b08c44c6db09b
Author: Cole Mayo <colemayo@utexas.edu>
Date:   Thu Apr 6 21:20:12 2017 -0500

    nothing important in this commit. Nope. That's a different commit

commit ab3358ff014b9ecc78b21edd25f96cfc69bff9c8
Author: Patrick Moore <phatrickmoore@gmail.com>
Date:   Thu Apr 6 21:19:23 2017 -0500

    yummy delicious changes :)

commit c60c7a025c5eb0ea6d799a8a5111f58233b1212e
Author: PrakharGarg <prakhargarg@utexas.edu>
Date:   Thu Apr 6 21:15:52 2017 -0500

    makefile

commit 7df57de2389e120d3a69ed09b485cd7f08e44b95
Author: Cole Mayo <colemayo@utexas.edu>
Date:   Thu Apr 6 21:14:02 2017 -0500

    testting out smasshing new makefile

commit a1308d5b4f47aa0cc74cef85cb798abdf635095e
Author: PrakharGarg <prakhargarg@utexas.edu>
Date:   Thu Apr 6 21:11:44 2017 -0500

    makefile

commit a9138fcfa98cf2f2097280fdc7f786adf62eee0b
Merge: e189458 ccb9223
Author: Patrick Moore <phatrickmoore@gmail.com>
Date:   Thu Apr 6 21:07:02 2017 -0500

    Merge branch 'master' of https://github.com/PrakharGarg/idb

commit e18945866033387e940983fb10c2be29069e7648
Merge: 76b8bb2 f0bdbea
Author: Patrick Moore <phatrickmoore@gmail.com>
Date:   Thu Apr 6 21:06:58 2017 -0500

    Merge branch 'master' of https://github.com/PrakharGarg/idb
    
    Conflicts:
    	app/models.py
    	makefile

commit ccb92238e464c409c5837847d267d2e863ed4ad2
Author: PrakharGarg <prakhargarg@utexas.edu>
Date:   Thu Apr 6 21:04:26 2017 -0500

    pylint

commit 76b8bb2fa4a52f1d6a0b3eab5438a8ea46d368b7
Author: Patrick Moore <phatrickmoore@gmail.com>
Date:   Thu Apr 6 21:00:58 2017 -0500

    testing and coverage fixes

commit e144b525e8badcbc91306282afaead57bcceea56
Author: Patrick Moore <phatrickmoore@gmail.com>
Date:   Thu Apr 6 21:00:24 2017 -0500

    deleting some files

commit f0bdbea82faed49bcc3722746c46da3b68d6ce8a
Merge: 07abe34 d30ca81
Author: PrakharGarg <prakhargarg@utexas.edu>
Date:   Thu Apr 6 20:58:42 2017 -0500

    Merge branch 'master' of https://github.com/PrakharGarg/idb

commit 07abe3451ac2dbe3802b9e8e65ac7dce68cc8ef1
Author: PrakharGarg <prakhargarg@utexas.edu>
Date:   Thu Apr 6 20:58:33 2017 -0500

    pylint

commit d30ca811b87b62607c8ad845e3ab5cf692d4dda1
Author: as43574 <adstorey@gmail.com>
Date:   Thu Apr 6 19:57:49 2017 -0500

    Fixes response examples

commit 3142b4a4fdb00ec70033e9e9a1fc880dd4cf328a
Merge: 908b40b c0df940
Author: PrakharGarg <prakhargarg@utexas.edu>
Date:   Thu Apr 6 19:44:04 2017 -0500

    Merge branch 'master' of https://github.com/PrakharGarg/idb

commit 908b40b79c66d9aa1970f28b5cca6f4d5373dcac
Author: PrakharGarg <prakhargarg@utexas.edu>
Date:   Thu Apr 6 19:44:02 2017 -0500

    yaml

commit c0df940202af7592467fe3215e507c3d11429a92
Merge: dad493f 32fb8cb
Author: Amirali Hashim <amirali.hashim@gmail.com>
Date:   Thu Apr 6 19:26:13 2017 -0500

    Merge branch 'master' of https://github.com/PrakharGarg/idb

commit dad493fe8a2d81c2058422e3eb930825fbc80508
Author: Amirali Hashim <amirali.hashim@gmail.com>
Date:   Thu Apr 6 19:26:10 2017 -0500

    fixes to models and completion of test

commit 32fb8cbe88301a5b9d3f3cb07b03167c700b8239
Author: as43574 <adstorey@gmail.com>
Date:   Thu Apr 6 17:48:20 2017 -0500

    Fixes small issue with state_id type -- changed to state_abbreviation

commit 9af0040177dad355a651d12859a1091a9c89f0e2
Author: as43574 <adstorey@gmail.com>
Date:   Thu Apr 6 17:46:00 2017 -0500

    Changes state id to abbreviation on apiary

commit b162998bc7c9ec85cb010144ffbc86802819ef85
Author: Drew Storey <adstorey@gmail.com>
Date:   Thu Apr 6 16:57:01 2017 -0500

    Changes states API call to collect abbreviation instead of id

commit 5e24e2729c08cdd18454ab0a6163eaea292991b8
Author: PrakharGarg <prakhargarg@utexas.edu>
Date:   Thu Apr 6 16:43:44 2017 -0500

    bytes

commit 88d80e90c88e10ddfb3188da345b687f3ed5e890
Author: Patrick Moore <phatrickmoore@gmail.com>
Date:   Thu Apr 6 16:15:23 2017 -0500

    silly crazy shit

commit 63ee398ff7f83fcdbe0421e418eda1dfcf2ab11c
Merge: b208c21 9b59b41
Author: Patrick Moore <phatrickmoore@gmail.com>
Date:   Thu Apr 6 15:59:20 2017 -0500

    Merge branch 'master' of https://github.com/PrakharGarg/idb

commit b208c2153e070c7f9df0fbd7fc77c35b8e267d50
Author: Patrick Moore <phatrickmoore@gmail.com>
Date:   Thu Apr 6 15:59:16 2017 -0500

    changes to allow for pydoc running

commit 9b59b413c247429cf74cc96c478b8ba123422f5c
Author: PrakharGarg <prakhargarg@utexas.edu>
Date:   Thu Apr 6 15:51:17 2017 -0500

    fixed state.html

commit 99f88a807a8652f17f9ab1025b59db2c7443108e
Merge: a9fa3d4 412d646
Author: Patrick Moore <phatrickmoore@gmail.com>
Date:   Thu Apr 6 15:35:00 2017 -0500

    Merge branch 'master' of https://github.com/PrakharGarg/idb
    
    Conflicts:
    	app/views.py

commit a9fa3d4fedd4ed962867f6f6daf21de7ea6719ff
Author: Patrick Moore <phatrickmoore@gmail.com>
Date:   Thu Apr 6 15:33:36 2017 -0500

    testing view changed so that this orks!

commit 057f96d74314b609086eb5f0350bf4fab7597772
Author: Patrick Moore <phatrickmoore@gmail.com>
Date:   Thu Apr 6 15:33:01 2017 -0500

    model test

commit 234d0417e9993764e28d03700926cedaa2dbffe4
Author: Patrick Moore <phatrickmoore@gmail.com>
Date:   Thu Apr 6 15:32:34 2017 -0500

    writing tups for data dumping

commit 412d646b5f01be4fa7bc71e412814cca33ad49e0
Merge: 38d34a8 96ca18d
Author: Arjun Gopisetty <arjun.gopisetty@gmail.com>
Date:   Thu Apr 6 13:44:42 2017 -0500

    Merge branch 'tests_modal' into master

commit 96ca18d08373d650f2b4b8ec01528085c39870c2
Author: Arjun Gopisetty <arjun.gopisetty@gmail.com>
Date:   Thu Apr 6 13:43:13 2017 -0500

    Changed modal script

commit 38d34a80d74e7ae69714badea6be41c9d41e1fc1
Author: Patrick Moore <phatrickmoore@gmail.com>
Date:   Thu Apr 6 12:50:13 2017 -0500

    super great awesome file for setting up db quickly. All hail Prakhar!

commit 8c0791ae0372c9d676a9057132587a09ffb5b59c
Author: PrakharGarg <prakhargarg@utexas.edu>
Date:   Thu Apr 6 12:09:09 2017 -0500

    tests working but in terminal

commit c753c4e4c2c0ccd8532feb6b5e53163c628d54b8
Author: PrakharGarg <prakhargarg@utexas.edu>
Date:   Thu Apr 6 10:50:32 2017 -0500

    added angular to about

commit 789c5097622dd3fd24296757c4d0fc5e14bdaa6a
Author: PrakharGarg <prakhargarg@utexas.edu>
Date:   Thu Apr 6 10:36:43 2017 -0500

    added asserts to models.py

commit bdd67db45a066c941d2d68e008590aed644664f8
Author: PrakharGarg <prakhargarg@utexas.edu>
Date:   Thu Apr 6 01:50:57 2017 -0500

    premature celebration

commit df2c6f481f2223b701978b63e71afba9ca0fcd43
Author: PrakharGarg <prakhargarg@utexas.edu>
Date:   Thu Apr 6 01:44:24 2017 -0500

    LINKS DONE

commit 2d5c1fb18b58eec54389afcde89485ca0bb2d314
Author: PrakharGarg <prakhargarg@utexas.edu>
Date:   Thu Apr 6 01:34:00 2017 -0500

    venues showing brews works

commit fe4ad220ac0417a50941234da4c0bd5c8a7f8611
Author: PrakharGarg <prakhargarg@utexas.edu>
Date:   Thu Apr 6 00:05:35 2017 -0500

    fixed venues

commit 1ec539c19ad9e855c26e203e2600682243ff9539
Merge: 91e5c5a 1c232b7
Author: PrakharGarg <prakhargarg@utexas.edu>
Date:   Wed Apr 5 23:57:12 2017 -0500

    Merge branch 'master' of https://github.com/PrakharGarg/idb

commit 91e5c5a96bba06012c9e6fde6b3a7e63e704c8bb
Author: PrakharGarg <prakhargarg@utexas.edu>
Date:   Wed Apr 5 23:57:03 2017 -0500

    venues

commit 1c232b7a03d57dfba0a782db5d16ef183e716c76
Merge: dd0762c 612fe8b
Author: Patrick Moore <phatrickmoore@gmail.com>
Date:   Wed Apr 5 23:51:16 2017 -0500

    Merge branch 'master' of https://github.com/PrakharGarg/idb

commit dd0762c43af7c018e07432e4c8e41e881700a209
Author: Patrick Moore <phatrickmoore@gmail.com>
Date:   Wed Apr 5 23:51:09 2017 -0500

    best data ever for venues

commit 612fe8bedbadf3e4a5edb313ecdd0aea468734ba
Author: PrakharGarg <prakhargarg@utexas.edu>
Date:   Wed Apr 5 23:47:57 2017 -0500

    venues

commit e46b929d59dcf99c8a4c2c2c1115b9f04f81ecd0
Merge: b9f629f 0ba499d
Author: Patrick Moore <phatrickmoore@gmail.com>
Date:   Wed Apr 5 23:40:54 2017 -0500

    Merge branch 'master' of https://github.com/PrakharGarg/idb

commit b9f629f75ee495728137d28bcf3c02f141515a49
Author: Patrick Moore <phatrickmoore@gmail.com>
Date:   Wed Apr 5 23:40:40 2017 -0500

    venue data correction

commit 0ba499d56c0e2f1f2ebe243703812510224ca851
Author: PrakharGarg <prakhargarg@utexas.edu>
Date:   Wed Apr 5 23:35:10 2017 -0500

    beers works

commit f9543bc9ac7d18507e5b373d862c8df554d58095
Merge: 04ee97f a75a2d0
Author: Patrick Moore <phatrickmoore@gmail.com>
Date:   Wed Apr 5 23:17:14 2017 -0500

    Merge branch 'master' of https://github.com/PrakharGarg/idb

commit 04ee97fa503328d48dc47eba0d0eb4412159683e
Author: Patrick Moore <phatrickmoore@gmail.com>
Date:   Wed Apr 5 23:17:08 2017 -0500

    newest beer data

commit a75a2d017e10924ee2429e3be7b2842d7291e48a
Merge: a4532f3 14ea50c
Author: PrakharGarg <prakhargarg@utexas.edu>
Date:   Wed Apr 5 23:15:22 2017 -0500

    Merge branch 'master' of https://github.com/PrakharGarg/idb

commit a4532f3672fe28a6a50c9309e63be75c7f50293d
Author: PrakharGarg <prakhargarg@utexas.edu>
Date:   Wed Apr 5 23:15:19 2017 -0500

    got breweries to work

commit 14ea50c96746311988cfa1f923a31a6dbe5a0b0e
Merge: 38baeef 331806e
Author: Patrick Moore <phatrickmoore@gmail.com>
Date:   Wed Apr 5 23:12:43 2017 -0500

    Merge branch 'master' of https://github.com/PrakharGarg/idb

commit 38baeefc7a59f3676fc24fd0235d7167b8078bee
Author: Patrick Moore <phatrickmoore@gmail.com>
Date:   Wed Apr 5 23:12:37 2017 -0500

    beer json completion

commit 331806e7c5ab53c165eb1a24aff868c68ca80a53
Author: Cole Mayo <colemayo@utexas.edu>
Date:   Wed Apr 5 22:51:44 2017 -0500

    removing remnant of a merge conflict

commit 28ee5f543c01c458a17338c1f29f211aa6bafb34
Author: amiralihashim <amiralihashim@users.noreply.github.com>
Date:   Wed Apr 5 22:43:52 2017 -0500

    Added tests_model.py file needed for testing

commit c800cafc6a1882e01b158b158af26189eac754fc
Merge: c6ebd59 eaa46fd
Author: Cole Mayo <colemayo@utexas.edu>
Date:   Wed Apr 5 22:31:24 2017 -0500

    fixing .gitignore merge conflicts

commit c6ebd59ca05471aadc01f284fba12cdf5a03e71d
Author: Cole Mayo <colemayo@utexas.edu>
Date:   Wed Apr 5 22:30:21 2017 -0500

    updating .gitignore resolves #90

commit eaa46fda7d06368b0e372ec30906da9ef515d0cd
Merge: 296aba4 9e1b9d3
Author: amiralihashim <amiralihashim@users.noreply.github.com>
Date:   Wed Apr 5 22:29:40 2017 -0500

    Merge pull request #91 from PrakharGarg/tests_modal
    
    Update tests.py

commit 296aba4193f3d1bcdcbdc0e3bc92a3da3865d685
Author: Patrick Moore <phatrickmoore@gmail.com>
Date:   Wed Apr 5 22:26:37 2017 -0500

    consistency fixes

commit 9e1b9d3d408152e4c3f9b5b2201f9f1b05d562d4
Author: amiralihashim <amiralihashim@users.noreply.github.com>
Date:   Wed Apr 5 22:25:11 2017 -0500

    Update tests.py

commit 96d5d2603b611645e9357b4ba1a41a43835fdcb9
Author: Patrick Moore <phatrickmoore@gmail.com>
Date:   Wed Apr 5 22:21:02 2017 -0500

    consistency fixes

commit 2c966ceee4596b29856d1911ca23eb75439bfb5c
Author: Patrick Moore <phatrickmoore@gmail.com>
Date:   Wed Apr 5 22:18:27 2017 -0500

    data modz

commit 2c74621c14dabb970772ff08eab7827ba762a9e6
Merge: f33fbd9 1c21a2e
Author: Patrick Moore <phatrickmoore@gmail.com>
Date:   Wed Apr 5 22:17:19 2017 -0500

    Merge branch 'master' of https://github.com/PrakharGarg/idb

commit f33fbd9ff6edd3f72b2571c1a0254b881d2db57d
Author: Patrick Moore <phatrickmoore@gmail.com>
Date:   Wed Apr 5 22:16:58 2017 -0500

    modified states to use the postal code as primary key, this no longer has an id field

commit 1c21a2ead1a0080ead333b4dfd461436088bef36
Merge: 7544139 8d6839a
Author: Arjun Gopisetty <arjun.gopisetty@gmail.com>
Date:   Wed Apr 5 22:09:12 2017 -0500

    Merge pull request #89 from PrakharGarg/tests_modal
    
    Tests modal

commit 8d6839a2ff6c258cd0a2cb66df13052f2cd9c5af
Merge: 13ed840 7544139
Author: Arjun Gopisetty <arjun.gopisetty@gmail.com>
Date:   Wed Apr 5 22:07:46 2017 -0500

    Merge pull request #88 from PrakharGarg/master
    
    Updating to master again

commit 75441392f75d65b2ef7a7008178fbc9bc3013c9f
Author: Patrick Moore <phatrickmoore@gmail.com>
Date:   Wed Apr 5 22:02:14 2017 -0500

    temp fixes cuz who knows!

commit bf79a67dc1d19782570f60200d630e1e2effcb7d
Author: PrakharGarg <prakhargarg@utexas.edu>
Date:   Wed Apr 5 22:00:14 2017 -0500

    local db

commit 38faece484cde00fbd2b7a97c4a6170283eee37a
Merge: 972f615 17f1589
Author: Prakhar Garg <prakhargarg@utexas.edu>
Date:   Wed Apr 5 21:52:05 2017 -0500

    Merge pull request #87 from PrakharGarg/data
    
    Data

commit 13ed8407bd17e0ab69dd8469f1b2778acf8cac07
Merge: 14a092e 972f615
Author: Arjun Gopisetty <arjun.gopisetty@gmail.com>
Date:   Wed Apr 5 21:49:48 2017 -0500

    Merge pull request #86 from PrakharGarg/master
    
    Update to master

commit 972f6159d3db79c0f1bfc372fed15a50dc1afe71
Merge: 3b99770 14a092e
Author: Arjun Gopisetty <arjun.gopisetty@gmail.com>
Date:   Wed Apr 5 21:49:01 2017 -0500

    Merge branch 'tests_modal' into master

commit 3b997701698e3199647a7069d66196f9e00accbe
Author: Cole Mayo <colemayo@utexas.edu>
Date:   Wed Apr 5 20:28:34 2017 -0500

    there were indentaiton problems and lots of methods without closing parenthesis resolves #85

commit 7656e60f551259aaf54f828e4028c5664b4b61bc
Merge: baef4ab 795f674
Author: Cole Mayo <colemayo@utexas.edu>
Date:   Wed Apr 5 19:55:59 2017 -0500

    Merge branch 'master' of https://github.com/PrakharGarg/idb

commit baef4abb764f6f9c56924ced0488ae7e264b377c
Author: Cole Mayo <colemayo@utexas.edu>
Date:   Wed Apr 5 19:53:43 2017 -0500

    changes for connecting to gcloud sql databse

commit 14a092e2b7dcd25e8c9f757f6aed5124756081c0
Author: Arjun Gopisetty <arjun.gopisetty@gmail.com>
Date:   Wed Apr 5 19:06:50 2017 -0500

    Fixed spacing on dummy test files and updated gitignore

commit d8653acefa3ccf85f5f55c9c883af193b39b007f
Author: Arjun Gopisetty <arjun.gopisetty@gmail.com>
Date:   Wed Apr 5 18:43:22 2017 -0500

    Unit test modal changed to python2

commit 795f6741919644b81265884a4e95f7fefee151f2
Author: as43574 <adstorey@gmail.com>
Date:   Wed Apr 5 18:35:59 2017 -0500

    Transferring API Description file from Apiary.io -- fixes host url

commit 6e9ba1076925482552075214efe3779a606e0a16
Author: Drew Storey <adstorey@gmail.com>
Date:   Wed Apr 5 18:28:15 2017 -0500

    Removes useless flag images from img folder

commit 6beee348b830abc1c8e3e501a42888fd36bc7836
Author: Drew Storey <adstorey@gmail.com>
Date:   Wed Apr 5 18:21:08 2017 -0500

    removes js folder from /static

commit 5230138410ddab6d8dfb69ef96d704bb8cec8fa0
Merge: 36418ba 2135c11
Author: Drew Storey <adstorey@gmail.com>
Date:   Wed Apr 5 17:06:29 2017 -0500

    Merge branch 'master' of https://github.com/PrakharGarg/idb

commit 2135c111edbcc7873eec5284b799f06bb153c45f
Merge: d18ad24 b3a1605
Author: Arjun Gopisetty <arjun.gopisetty@gmail.com>
Date:   Wed Apr 5 16:50:51 2017 -0500

    Merge pull request #81 from PrakharGarg/tests_modal
    
    Tests modal

commit b3a16059e4c8ea9d357e370001d88c7b1e03d79d
Merge: 6932362 d18ad24
Author: Arjun Gopisetty <arjun.gopisetty@gmail.com>
Date:   Wed Apr 5 16:42:13 2017 -0500

    Merge pull request #80 from PrakharGarg/master
    
    Update to master branch

commit 17f15890925a5a2f9e46badbffb7b8da46726bdb
Author: Patrick Moore <phatrickmoore@gmail.com>
Date:   Wed Apr 5 15:15:58 2017 -0500

    data manips

commit f5e5b7d1096599a9f89669503843f6209d576612
Author: Patrick Moore <phatrickmoore@gmail.com>
Date:   Wed Apr 5 15:14:35 2017 -0500

    automatically encodes all fields into dict. better  field consistency!

commit 445bd215a23bd6e0d9205b73b22fc1e83ee831bf
Author: Patrick Moore <phatrickmoore@gmail.com>
Date:   Wed Apr 5 14:51:59 2017 -0500

    stuff is mostly working, I think we have a good working set of data here.
    in data dir, there is a raw and clean data set

commit 36418bac8b9ec1af877c141d31a213b67fa0cd5b
Author: Drew Storey <adstorey@gmail.com>
Date:   Wed Apr 5 14:07:22 2017 -0500

    Fixes format of json on api returns to include ids for get all names call

commit d18ad24d6e2d194cb373e36047de0c1e09c364b4
Author: PrakharGarg <prakhargarg@utexas.edu>
Date:   Wed Apr 5 13:04:26 2017 -0500

    state page is now done

commit 270fbc84251c439985f4f47bf1c2e0da45738a97
Author: Patrick Moore <phatrickmoore@gmail.com>
Date:   Wed Apr 5 12:31:20 2017 -0500

    default string representation is now json

commit 7313ac3ecbefb7e1ccc09531c9032c3eb8300c9c
Author: Patrick Moore <phatrickmoore@gmail.com>
Date:   Wed Apr 5 12:26:24 2017 -0500

    change shitty name

commit a0d61b578bbde45056c1e50c8957ad5004a0f8e7
Author: PrakharGarg <prakhargarg@utexas.edu>
Date:   Wed Apr 5 12:26:22 2017 -0500

    fixed states model

commit 0c0ae5788a46c91d325e5c488bd2011819c7602b
Author: Patrick Moore <phatrickmoore@gmail.com>
Date:   Wed Apr 5 12:19:31 2017 -0500

    removed init functions

commit 9286a8790bb6717ac3eba1bd6c9002b056f905a8
Author: Patrick Moore <phatrickmoore@gmail.com>
Date:   Wed Apr 5 12:08:27 2017 -0500

    to_dict methods, also access to ids

commit 256cc4382e7dfc6be646895fa35c00381d6721b3
Merge: e82b1ba b6f8c56
Author: Patrick Moore <phatrickmoore@gmail.com>
Date:   Wed Apr 5 11:37:46 2017 -0500

    Merge branch 'master' into data

commit e82b1baffc795a1cdc75267714855c06d8841e56
Author: Patrick Moore <phatrickmoore@gmail.com>
Date:   Wed Apr 5 11:19:47 2017 -0500

    making some slight changes

commit b6f8c56516fb3c07d39d8575aa891064a2b6f04e
Author: PrakharGarg <prakhargarg@utexas.edu>
Date:   Wed Apr 5 11:11:28 2017 -0500

    added stuff to about page

commit 96fd3bde7f442060a579e8b1732f1a9edfa33993
Author: PrakharGarg <prakhargarg@utexas.edu>
Date:   Wed Apr 5 09:56:26 2017 -0500

    remove array from states view

commit 46fec05ce33ac87f35d864c692d2017f1ef9c60a
Author: PrakharGarg <prakhargarg@utexas.edu>
Date:   Wed Apr 5 09:53:13 2017 -0500

    model fixes to remove arrays

commit bea4f86f7558c1fa975a990da97372b60a6add20
Merge: 1f0d2d1 5e5b982
Author: Prakhar Garg <prakhargarg@utexas.edu>
Date:   Wed Apr 5 09:46:21 2017 -0500

    Merge pull request #78 from PrakharGarg/join
    
    fixing states

commit 5e5b982bbf9f0a61372eb35dde7af059bb3cee15
Author: PrakharGarg <prakhargarg@utexas.edu>
Date:   Wed Apr 5 09:45:57 2017 -0500

    fixing states

commit 6333bef5e5d6a5edca91b04dcae8d8d5d1df3942
Author: Patrick Moore <phatrickmoore@gmail.com>
Date:   Wed Apr 5 03:07:38 2017 -0500

    woops!

commit 9e2f7203c7085775824b564828dd258dc957b6c9
Author: Patrick Moore <phatrickmoore@gmail.com>
Date:   Wed Apr 5 02:58:21 2017 -0500

    single python class for managing collection and pre-processing of data

commit 1f0d2d1718de7897cca1d8bb6b7bb2d6ed4899de
Merge: d6e3243 de84aa0
Author: Prakhar Garg <prakhargarg@utexas.edu>
Date:   Tue Apr 4 22:32:45 2017 -0500

    Merge pull request #77 from PrakharGarg/join
    
    added extra vars in views

commit de84aa0b234b6eefd747401a8cf5333e3f863310
Author: PrakharGarg <prakhargarg@utexas.edu>
Date:   Tue Apr 4 22:31:47 2017 -0500

    added extra vars in views

commit 907639e5c8738f21d9c2d0b4c64c1bd1753be841
Author: Patrick Moore <phatrickmoore@gmail.com>
Date:   Tue Apr 4 21:48:32 2017 -0500

    need some work on this so that data is not overwritten

commit 509280a77633e944b426de0cae7788027bf15206
Author: Patrick Moore <phatrickmoore@gmail.com>
Date:   Tue Apr 4 21:47:10 2017 -0500

    fully contained dataset

commit e0815d94ad3f1dfea960d63314465dddcc0b5482
Author: Patrick Moore <phatrickmoore@gmail.com>
Date:   Tue Apr 4 20:23:18 2017 -0500

    lots of data related things

commit 6932362ff577c0b15598673b7969d4c36f797800
Merge: 056f73b d6e3243
Author: Arjun Gopisetty <arjun.gopisetty@gmail.com>
Date:   Tue Apr 4 19:35:58 2017 -0500

    Merge pull request #76 from PrakharGarg/master
    
    Updating to master branch

commit 056f73b49c9f8e579ab8f4091b1027811f709791
Author: Arjun Gopisetty <arjun.gopisetty@gmail.com>
Date:   Tue Apr 4 19:27:37 2017 -0500

    Made modal more pretty

commit 4197891fe4d768a97cf262da5189798452dae1e3
Author: Arjun Gopisetty <arjun.gopisetty@gmail.com>
Date:   Tue Apr 4 18:43:29 2017 -0500

    Modal output runs the unit tests (I hope)

commit ef184b257ba93dd1645f706dfb92467c01dae98b
Author: Arjun Gopisetty <arjun.gopisetty@gmail.com>
Date:   Tue Apr 4 18:00:03 2017 -0500

    Oops forgot to track some files

commit 9fa754e08b45251bc9f1e9f7f2030e87c33389b6
Author: Arjun Gopisetty <arjun.gopisetty@gmail.com>
Date:   Tue Apr 4 17:59:11 2017 -0500

    Refactored tests to unittests

commit d6e3243db70bc573924a2598d518f448c4e7b42c
Author: Drew Storey <adstorey@gmail.com>
Date:   Tue Apr 4 15:58:23 2017 -0500

    Fixes api endpoints for individual page calls

commit b8dba6c4023980cd4b2316939018257696982d71
Author: Arjun Gopisetty <arjun.gopisetty@gmail.com>
Date:   Tue Apr 4 15:16:18 2017 -0500

    Initial work on modal

commit 23c380d25082240b003f869aeefbfdedb87371df
Author: Drew Storey <adstorey@gmail.com>
Date:   Tue Apr 4 15:12:24 2017 -0500

    Fixed JSON format for beer list on api call

commit c6befd42d31ce6264261679952ac6e59c9dae2c8
Merge: f674b84 d33e377
Author: Drew Storey <adstorey@gmail.com>
Date:   Tue Apr 4 14:42:05 2017 -0500

    Merge branch 'master' of https://github.com/PrakharGarg/idb

commit d33e37706f582d8db8d991fd2f6453d50d44b6f1
Author: PrakharGarg <prakhargarg@utexas.edu>
Date:   Tue Apr 4 14:40:44 2017 -0500

    done with json?

commit f674b840df94cd5843c0b1c0a8f806bdf368d4ea
Author: Drew Storey <adstorey@gmail.com>
Date:   Tue Apr 4 14:34:02 2017 -0500

    Fix api calls to use IDs instead of names

commit 1278a1f0b2b869004bf1d51f4abdc16c453ce12f
Author: PrakharGarg <prakhargarg@utexas.edu>
Date:   Tue Apr 4 14:29:18 2017 -0500

    fixing json stuff

commit 1296962cdb5d201d76e90918ec07fd9827f578ef
Author: Drew Storey <adstorey@gmail.com>
Date:   Tue Apr 4 13:36:12 2017 -0500

    Changes data for individual pages to queries instead of static data

commit 3367dc2a57091be164ec3f1422a3bb7928adbfa7
Author: Drew Storey <adstorey@gmail.com>
Date:   Tue Apr 4 13:27:39 2017 -0500

    Fixes import for models and changes grid endpoints to queries instead of static data

commit b56d9fc88ea39dd50eea7221331e0608ce7ead60
Author: Drew Storey <adstorey@Sydney-Storeys-MacBook-Pro.local>
Date:   Tue Apr 4 13:18:01 2017 -0500

    adds api GET methods

commit 8e87adc83f91840a4eeb680e08c2cb0ba72fc630
Merge: 4781460 00a3a6e
Author: Prakhar Garg <prakhargarg@utexas.edu>
Date:   Tue Apr 4 12:34:17 2017 -0500

    Merge pull request #73 from PrakharGarg/filter
    
    Filter

commit 00a3a6e0a4ec4771521bff9389a0cc679a082281
Author: PrakharGarg <prakhargarg@utexas.edu>
Date:   Tue Apr 4 12:33:08 2017 -0500

    got database working

commit d52e8004d23d367140216a0c732526ced7f9c989
Author: PrakharGarg <prakhargarg@utexas.edu>
Date:   Tue Apr 4 12:27:11 2017 -0500

    test db

commit 4781460f73a518d4c7c2936055269d9dc35316fc
Author: Patrick Moore <phatrickmoore@gmail.com>
Date:   Tue Apr 4 12:25:33 2017 -0500

    fixes to model relationships

commit 244d9095ac260b24b0d5c68bc4011de902c00a1a
Author: Patrick Moore <phatrickmoore@gmail.com>
Date:   Mon Apr 3 16:16:02 2017 -0500

    added psycopg2 to requirements #70

commit 53c4f067d3fcabb031a5ce4005a7fa8d518370b8
Merge: d1f40ca c665938
Author: Prakhar Garg <prakhargarg@utexas.edu>
Date:   Mon Apr 3 14:51:55 2017 -0500

    Merge pull request #69 from PrakharGarg/sql
    
    got local db working

commit c665938071fee0d597728f1cb02d1707cb43badd
Author: PrakharGarg <prakhargarg@utexas.edu>
Date:   Mon Apr 3 14:47:43 2017 -0500

    got local db working

commit d1f40ca157b119d842a4e40608aaf430077ff8fc
Merge: f57f2cf 793d651
Author: Prakhar Garg <prakhargarg@utexas.edu>
Date:   Mon Apr 3 11:04:52 2017 -0500

    Merge pull request #68 from PrakharGarg/pop-up
    
    pop-up done

commit 793d651c48af61d4133ae6a79f0959763661b4c6
Author: PrakharGarg <prakhargarg@utexas.edu>
Date:   Mon Apr 3 11:04:20 2017 -0500

    pop-up done

commit f57f2cf409d0e7424e66a90387b2c8cad064574d
Merge: 9b24b01 12ed149
Author: Prakhar Garg <prakhargarg@utexas.edu>
Date:   Sat Apr 1 20:01:13 2017 -0500

    Merge pull request #67 from PrakharGarg/dynamic_grids
    
    Dynamic grids

commit 12ed14968d80b58cce6122cb15a749826b146b67
Author: PrakharGarg <prakhargarg@utexas.edu>
Date:   Sat Apr 1 20:00:30 2017 -0500

    all grids are dynamic

commit b2de8060f9233b39b1bcf460c350fdaaa9c78748
Author: PrakharGarg <prakhargarg@utexas.edu>
Date:   Sat Apr 1 19:28:03 2017 -0500

    whooohoo dynamic works

commit 9b24b01b5ee5b474cd80934dc18bd7cd76fa459d
Merge: a939d58 54353af
Author: Prakhar Garg <prakhargarg@utexas.edu>
Date:   Sat Apr 1 18:29:04 2017 -0500

    Merge pull request #63 from PrakharGarg/implement_grid
    
    Implement grid

commit 54353af769cc6783fd929378fd208ff2f2008c0d
Author: PrakharGarg <prakhargarg@utexas.edu>
Date:   Sat Apr 1 18:25:27 2017 -0500

    asc and desc arrows done

commit 6a452445b62b6356e33902178ae6379e35528cb7
Author: PrakharGarg <prakhargarg@utexas.edu>
Date:   Sat Apr 1 17:46:27 2017 -0500

    fixed venue filters

commit f49d88519fd810c7d7473a43d0dc7361e240677a
Author: PrakharGarg <prakhargarg@utexas.edu>
Date:   Sat Apr 1 17:45:01 2017 -0500

    fixed filters

commit a939d586825542c7300254b823ff3965ae52dc23
Merge: 2513fc3 e9057e0
Author: Prakhar Garg <prakhargarg@utexas.edu>
Date:   Sat Apr 1 13:35:10 2017 -0500

    Merge pull request #61 from PrakharGarg/small_fixes
    
    Small fixes

commit e9057e0ac0ad51208b6f5d306c9da55afa64641e
Author: PrakharGarg <prakhargarg@utexas.edu>
Date:   Sat Apr 1 13:33:00 2017 -0500

    fixed about title clipping

commit d958c4c0860aad1a5390fa177fd6ae42d4d6476c
Author: PrakharGarg <prakhargarg@utexas.edu>
Date:   Sat Apr 1 13:28:53 2017 -0500

    fixed spacing issue

commit eb5d796774d87fa9448ad4883e3ba99a54514435
Author: PrakharGarg <prakhargarg@utexas.edu>
Date:   Sat Apr 1 13:27:43 2017 -0500

    moved technical report to seperate page:

commit 2513fc3a9454bea9888afe67e19bff4c48148fe2
Author: PrakharGarg <prakhargarg@utexas.edu>
Date:   Fri Mar 24 11:38:36 2017 -0500

    final push

commit 08e63e55622db39d9838fd74e24f6d785df3f441
Author: PrakharGarg <prakhargarg@utexas.edu>
Date:   Fri Mar 24 11:37:14 2017 -0500

    finished technical report

commit e43f73c78e6e25306dd5ee01fa0d60fac95adc8e
Author: Cole Mayo <colemayo@utexas.edu>
Date:   Fri Mar 24 11:30:13 2017 -0500

    fixing technical.jpg

commit 494198b8a61e56611069baca2a9ccfeae0988719
Author: PrakharGarg <prakhargarg@utexas.edu>
Date:   Fri Mar 24 11:23:41 2017 -0500

    technical report

commit df9c46b951cb42d366805e478a43d47f156b26ed
Author: PrakharGarg <prakhargarg@utexas.edu>
Date:   Thu Mar 23 14:38:45 2017 -0500

    add travis ci

commit 7af520f32b73904259a55e16cbb6b3142ce6a35e
Author: Patrick Moore <phatrickmoore@gmail.com>
Date:   Thu Mar 23 14:34:19 2017 -0500

    updated UM diagram

commit 8accf66ccf6b718afaf4d0277d94730b3dc30573
Author: PrakharGarg <prakhargarg@utexas.edu>
Date:   Thu Mar 23 14:31:42 2017 -0500

    final commit

commit 29ca32d7880e90d6d6305c7fdf4feea30206dae9
Author: PrakharGarg <prakhargarg@utexas.edu>
Date:   Thu Mar 23 14:30:02 2017 -0500

    overall commits

commit be317ffc80bdd38ddaded7bb67bd7c86e9915ea0
Merge: 9a4e3c3 1fa3553
Author: Patrick Moore <phatrickmoore@gmail.com>
Date:   Thu Mar 23 14:28:33 2017 -0500

    Merge branch 'master' of https://github.com/PrakharGarg/idb

commit 9a4e3c3eeb9189814d1d692bb550c065a862a9b3
Author: Patrick Moore <phatrickmoore@gmail.com>
Date:   Thu Mar 23 14:28:30 2017 -0500

    updated personal info

commit 1fa3553aada1486df74c2f5576da08d3de7f29a6
Author: Cole Mayo <colemayo@utexas.edu>
Date:   Thu Mar 23 14:27:17 2017 -0500

    one more time: fixing coles stats remix

commit 97d198384bb765b0ceb4d4baa20fc5997ab2cdcb
Merge: 61eb475 3d35c71
Author: Cole Mayo <colemayo@utexas.edu>
Date:   Thu Mar 23 14:26:21 2017 -0500

    Merge branch 'master' of https://github.com/PrakharGarg/idb

commit 61eb4752deb26a91ea410de2e5ebe4dec9a0f9d6
Author: Cole Mayo <colemayo@utexas.edu>
Date:   Thu Mar 23 14:26:16 2017 -0500

    fixing coles about stats

commit 3d35c71182055f2cb124cef6c880f007820f513c
Merge: 6e975f9 b709ede
Author: Patrick Moore <phatrickmoore@gmail.com>
Date:   Thu Mar 23 14:25:25 2017 -0500

    Merge branch 'master' of https://github.com/PrakharGarg/idb

commit b709ede201a7c76c45ac21cfea3926fc91f616c2
Merge: 2661d99 564e7b2
Author: Cole Mayo <colemayo@utexas.edu>
Date:   Thu Mar 23 14:24:55 2017 -0500

    Merge branch 'master' of https://github.com/PrakharGarg/idb

commit 6e975f9ed534e373e93492af54095bd31ed86fb2
Author: Patrick Moore <phatrickmoore@gmail.com>
Date:   Thu Mar 23 14:24:47 2017 -0500

    fixed gitignore?

commit 2661d99e7608da46e2460cb14bd96c4034bf13e6
Author: Cole Mayo <colemayo@utexas.edu>
Date:   Thu Mar 23 14:24:44 2017 -0500

    update coles about

commit 564e7b2d6b933816770c1c8c1355d9831dc2eeb5
Merge: ef114af 44dd33f
Author: amiralihashim <amiralihashim@users.noreply.github.com>
Date:   Thu Mar 23 14:22:41 2017 -0500

    Merge pull request #59 from PrakharGarg/tests
    
    Updated Amirali's stats

commit 44dd33f86359c918079132f433c74e46d76bd16c
Author: Amirali Hashim <amiralihashim@wireless-10-145-242-112.public.utexas.edu>
Date:   Thu Mar 23 14:21:27 2017 -0500

    Updated Amirali's stats

commit ef114afa58c48555cb95fd2790a73cdf1a8a5e25
Author: Patrick Moore <phatrickmoore@gmail.com>
Date:   Thu Mar 23 14:19:12 2017 -0500

    make file target for documenting, and thegenerated logs

commit ac17f601426152bdce4960faf0bfcc0be6920b27
Merge: 966a5e8 24eef2f
Author: Patrick Moore <phatrickmoore@gmail.com>
Date:   Thu Mar 23 14:02:52 2017 -0500

    Merge branch 'master' of https://github.com/PrakharGarg/idb

commit 24eef2ff8ec9c8ca2d74d3cf5728bf1b867685f0
Merge: 2186cba 060da5a
Author: Drew Storey <adstorey@Sydney-Storeys-MacBook-Pro.local>
Date:   Thu Mar 23 14:00:01 2017 -0500

    Merge branch 'master' of https://github.com/PrakharGarg/idb

commit 2186cba2f327c2665fc6a90f0c6872d81deca927
Author: Drew Storey <adstorey@Sydney-Storeys-MacBook-Pro.local>
Date:   Thu Mar 23 13:59:16 2017 -0500

    updates about page

commit 060da5a4069c8cfd614a3f3bcfdce8a2ecbd42af
Author: PrakharGarg <prakhargarg@utexas.edu>
Date:   Thu Mar 23 13:57:24 2017 -0500

    arjun about

commit 966a5e8fd4aed3c149e0bd70f2a6c8fbaf4902ca
Merge: 6f4f983 883188a
Author: Patrick Moore <phatrickmoore@gmail.com>
Date:   Thu Mar 23 13:56:53 2017 -0500

    Merge branch 'master' into yuml

commit 6f4f9835f4cb61e76e6a95abb3f9c060696d2286
Author: Patrick Moore <phatrickmoore@gmail.com>
Date:   Thu Mar 23 13:56:24 2017 -0500

    models and its documentation done

commit 883188aebcfd535aef2f57c6dfab082114a73cb6
Author: PrakharGarg <prakhargarg@utexas.edu>
Date:   Thu Mar 23 13:48:18 2017 -0500

    about page updates

commit d99f413488b309f61fdc93b5cd8698e2fb58becc
Merge: cf25b33 93a6d9d
Author: Prakhar Garg <prakhargarg@utexas.edu>
Date:   Thu Mar 23 13:32:52 2017 -0500

    Merge pull request #55 from PrakharGarg/filters
    
    filtering

commit 93a6d9df55dc102bb36ff142d4f0808133976780
Author: PrakharGarg <prakhargarg@utexas.edu>
Date:   Thu Mar 23 13:31:52 2017 -0500

    filtering

commit cf25b339f48d60c614627505c3ed217eb2bca554
Author: Arjun Gopisetty <arjun.gopisetty@gmail.com>
Date:   Thu Mar 23 13:15:54 2017 -0500

    Fixed typo on states.html page

commit 4aa5f650c74876ec2e3854b1ae17893036e20905
Author: Patrick Moore <phatrickmoore@gmail.com>
Date:   Thu Mar 23 13:06:09 2017 -0500

    finished with the models, going to comment now

commit a6223fb41e7501d099491f3d413745f82b31e122
Author: Patrick Moore <phatrickmoore@gmail.com>
Date:   Thu Mar 23 12:59:48 2017 -0500

    finishing up models, mostly done

commit c06452752f246b550f9aee3ef8fe0c0a40271abf
Author: Patrick Moore <phatrickmoore@gmail.com>
Date:   Thu Mar 23 12:35:57 2017 -0500

    beer model methods

commit 30b8680ad7d3645be6debf05845b794bd027229c
Author: PrakharGarg <prakhargarg@utexas.edu>
Date:   Thu Mar 23 12:34:08 2017 -0500

    removed titles

commit ec3bf05df1254799dabc48e7036725223586bc22
Author: Patrick Moore <phatrickmoore@gmail.com>
Date:   Thu Mar 23 12:10:37 2017 -0500

    stubbing out model mehtods

commit ae6e2853fa5efb853a56b41bacc1884efdee305e
Merge: 8905f43 9a6e112
Author: amiralihashim <amiralihashim@users.noreply.github.com>
Date:   Thu Mar 23 12:29:11 2017 -0500

    Merge pull request #54 from PrakharGarg/tests
    
    added state flags

commit 9a6e112dae88727c7314a280ed765e7c278292ba
Author: Amirali Hashim <amiralihashim@wireless-10-145-242-112.public.utexas.edu>
Date:   Thu Mar 23 12:28:06 2017 -0500

    added state flags

commit 8905f43325c9c4f56c945f86a40f5f25397f2366
Merge: f6ccd88 108de1d
Author: Prakhar Garg <prakhargarg@utexas.edu>
Date:   Thu Mar 23 12:21:06 2017 -0500

    Merge pull request #53 from PrakharGarg/css_2
    
    css done for individual

commit 108de1d84dc0547f095397afd75400fe6cc5152a
Author: PrakharGarg <prakhargarg@utexas.edu>
Date:   Thu Mar 23 12:20:14 2017 -0500

    css done

commit f6ccd883fdf0317b080ae174d9780e17dd0f07f9
Merge: adcd3e9 ac5ce9c
Author: amiralihashim <amiralihashim@users.noreply.github.com>
Date:   Thu Mar 23 12:18:31 2017 -0500

    Merge pull request #52 from PrakharGarg/tests
    
    Tests

commit ac5ce9ca00874554edf05cf46a92639004fd895e
Author: Amirali Hashim <amiralihashim@wireless-10-145-242-112.public.utexas.edu>
Date:   Thu Mar 23 12:15:08 2017 -0500

    edited Amirali's Responsibilites

commit f76e1efaa38bb07bbdf706022890b075c136d7d5
Author: Amirali Hashim <amiralihashim@wireless-10-145-242-112.public.utexas.edu>
Date:   Thu Mar 23 12:12:07 2017 -0500

    Added initial tests for models

commit 78a5c018454ca10cf2d8bf434ff8b0f6f148ab54
Author: Amirali Hashim <amiralihashim@wireless-10-145-242-112.public.utexas.edu>
Date:   Thu Mar 23 12:10:27 2017 -0500

    Added initial tests for models

commit adcd3e98d5c6dcb0b4a3fadfd4434096390b2fd3
Merge: a3069a8 9ef010c
Author: Prakhar Garg <prakhargarg@utexas.edu>
Date:   Thu Mar 23 12:01:26 2017 -0500

    Merge pull request #51 from PrakharGarg/fixes
    
    Fixes

commit 9ef010cfbf2c457ff1373951d89c12e275f11c60
Author: PrakharGarg <prakhargarg@utexas.edu>
Date:   Thu Mar 23 11:54:47 2017 -0500

    done with individual. just needs css

commit a3069a876930c04521932b82df18d4bb8cc1277e
Author: Amirali Hashim <amirali.hashim@gmail.com>
Date:   Thu Mar 23 11:46:54 2017 -0500

    Transferring API Description file from Apiary.io

commit 1338325acf3f4aa52f580f9e348bf8fa0ff1fdcd
Author: Amirali Hashim <amirali.hashim@gmail.com>
Date:   Thu Mar 23 11:45:48 2017 -0500

    Transferring API Description file from Apiary.io

commit 02da210b02c33108de2b68af9abf98ddf6ab8b95
Author: Patrick Moore <phatrickmoore@gmail.com>
Date:   Thu Mar 23 11:40:56 2017 -0500

    5 pure attributes for each model

commit 44494398ace276b8bdf19d091b98c7fff50deb79
Author: Cole Mayo <colemayo@utexas.edu>
Date:   Thu Mar 23 11:40:41 2017 -0500

    ignore .pyc, __pycache__, and the virtualenv the makefile builds #50

commit 37f7f8837dae1ca32aa1f7ff0091a9bb00af1de3
Author: Cole Mayo <colemayo@utexas.edu>
Date:   Thu Mar 23 11:38:38 2017 -0500

    added all app/ and app/templates files to make check #15

commit 503811c6d88770fce2ac3bb98b7d208c2b9a4623
Author: PrakharGarg <prakhargarg@utexas.edu>
Date:   Thu Mar 23 11:35:13 2017 -0500

    fixed individual pages

commit f1c8ae4fd1113783bb4516377db6db810d106e68
Author: Patrick Moore <phatrickmoore@gmail.com>
Date:   Thu Mar 23 11:34:55 2017 -0500

    removed links as attributes

commit 5ecff78dcf701a5ee76fb0f511e87d27c2d6ee0e
Merge: 34dea9e deab555
Author: Patrick Moore <phatrickmoore@gmail.com>
Date:   Thu Mar 23 11:31:27 2017 -0500

    okie dokie

commit 012acbf4dbdd623aae01caad87d8d3bee189a2c8
Author: Amirali Hashim <amirali.hashim@gmail.com>
Date:   Thu Mar 23 11:30:55 2017 -0500

    Transferring API Description file from Apiary.io

commit 34dea9e5173717a431f14014d6f3a6873d9b7420
Author: Patrick Moore <phatrickmoore@gmail.com>
Date:   Thu Mar 23 11:30:08 2017 -0500

    removed dashes at beginning of line

commit 78ce387108b2c03517bd11775ed92a3729f53458
Author: Cole Mayo <colemayo@utexas.edu>
Date:   Thu Mar 23 11:28:33 2017 -0500

    fix make check typo #15

commit 6072fdc0efb41a742e693f26465457cfc0bb5366
Merge: 2542da3 deab555
Author: Cole Mayo <colemayo@utexas.edu>
Date:   Thu Mar 23 11:26:39 2017 -0500

    Merge branch 'master' of https://github.com/PrakharGarg/idb

commit 2542da38cb1e1fd03e5be12a5c2329f0ad4a39d0
Author: Cole Mayo <colemayo@utexas.edu>
Date:   Thu Mar 23 11:26:28 2017 -0500

    added check to makefile, travis will pass fail dependent on make check #15 #48

commit deab55522ea877256ec86ac8a23f2eb3709483d0
Merge: b714a97 9319264
Author: amiralihashim <amiralihashim@users.noreply.github.com>
Date:   Thu Mar 23 11:12:42 2017 -0500

    Merge pull request #49 from PrakharGarg/tests
    
    Tests

commit b714a97ec968df4376f798ae2d105ec80a9c2977
Merge: 9ae4947 2a5217a
Author: Arjun Gopisetty <arjun.gopisetty@gmail.com>
Date:   Thu Mar 23 10:16:17 2017 -0500

    Merge pull request #47 from PrakharGarg/individual
    
    Individual

commit 9ae4947160cbd1032b06e55cc45370cf63acd4b8
Author: PrakharGarg <prakhargarg@utexas.edu>
Date:   Thu Mar 23 10:15:16 2017 -0500

    forgot to change aws link to gcp

commit f6d046a1e93cd14a68c9f6c7cf208dd598cdca43
Author: PrakharGarg <prakhargarg@utexas.edu>
Date:   Thu Mar 23 10:14:05 2017 -0500

    changed aws to gcp in about

commit 2a5217aa0da323f7a6329addcde5f6d890fc71bd
Merge: 90ed2d2 5b2757c
Author: Arjun Gopisetty <arjun.gopisetty@gmail.com>
Date:   Thu Mar 23 10:13:17 2017 -0500

    Merge pull request #46 from PrakharGarg/master
    
    Updating branch with grids

commit 5b2757c7c54897d984914b73fedf6e733d55b316
Merge: 4fd701b db2876b
Author: Prakhar Garg <prakhargarg@utexas.edu>
Date:   Thu Mar 23 10:07:09 2017 -0500

    Merge pull request #45 from PrakharGarg/grid
    
    Grid updated from tables

commit db2876bc188645373250cc2b9633109ec5f5a372
Author: PrakharGarg <prakhargarg@utexas.edu>
Date:   Thu Mar 23 10:06:35 2017 -0500

    grids done

commit f5dd208387d55154e3426e66b019d0412795795c
Author: PrakharGarg <prakhargarg@utexas.edu>
Date:   Thu Mar 23 09:39:50 2017 -0500

    grids finished

commit 4f19b30ce77a90dac62c5be98fb9905ced7c45bb
Author: PrakharGarg <prakhargarg@utexas.edu>
Date:   Thu Mar 23 09:33:48 2017 -0500

    state grid

commit 679f308ba76e0addf7f9d63eefd4a911e3566995
Author: PrakharGarg <prakhargarg@utexas.edu>
Date:   Thu Mar 23 09:30:46 2017 -0500

    brewery grid

commit d6e73972f28613fec5ea74b3f5e72c6142c87981
Author: PrakharGarg <prakhargarg@utexas.edu>
Date:   Thu Mar 23 09:24:52 2017 -0500

    beer grid:

commit 4fd701b5485c13bab3a2514dfc167eb13b4f4307
Author: PrakharGarg <prakhargarg@utexas.edu>
Date:   Thu Mar 23 08:46:41 2017 -0500

    fixed broken link and state links

commit d51ec6edee2c1e20b700a506326eaf9c2751cf83
Author: PrakharGarg <prakhargarg@utexas.edu>
Date:   Thu Mar 23 08:36:00 2017 -0500

    comment out models for now

commit 9319264eedf6dbc090807f8a007e2779c0a34cdb
Author: Amirali Hashim <amiralihashim@wireless-10-146-235-57.public.utexas.edu>
Date:   Thu Mar 23 00:29:47 2017 -0500

    Fixed typo in about.html

commit c85afeb57c83c17bb1884cf08ed238bfc7113a27
Author: Amirali Hashim <amiralihashim@wireless-10-146-235-57.public.utexas.edu>
Date:   Thu Mar 23 00:24:41 2017 -0500

    Added about pic for Amirali

commit 405f433bb9d877f38321f6515257daaba1180999
Author: Amirali Hashim <amiralihashim@wireless-10-146-235-57.public.utexas.edu>
Date:   Thu Mar 23 00:18:01 2017 -0500

    updated the about.html page with apiary doc link and Amirali's about description

commit ec2bc13f0a943284fc31149db490e84db1bbed97
Merge: 436a570 c681af2
Author: Amirali Hashim <amiralihashim@wireless-10-146-235-57.public.utexas.edu>
Date:   Thu Mar 23 00:14:12 2017 -0500

    Merge branch 'master' into tests

commit 6f48f69e134903b334549eb57d2493532433c890
Author: Patrick Moore <phatrickmoore@gmail.com>
Date:   Wed Mar 22 23:21:42 2017 -0500

    uploaded a picture of myself, edited the about  and
    major responsibilities fields. issue #37

commit c681af23c6e5628334c722361a44744f145a0441
Author: Patrick Moore <phatrickmoore@gmail.com>
Date:   Wed Mar 22 23:21:42 2017 -0500

    uploaded a picture of myself, edited the about  and
    major responsibilities fields

commit 4fbfa022b13ce90630b514adfea5121f3569fe7e
Author: Patrick Moore <phatrickmoore@gmail.com>
Date:   Wed Mar 22 23:07:40 2017 -0500

    go ahead and actually create db. We don't use it technically, but it removes errors we would encounter in the future

commit 90ed2d2f8fe81eda373f9f3442654b9885d6ddd8
Author: Arjun Gopisetty <arjun.gopisetty@gmail.com>
Date:   Wed Mar 22 21:25:38 2017 -0500

    Added pages for state

commit d7806a872d20d79eb7330b9e33417037f0d5607a
Author: Arjun Gopisetty <arjun.gopisetty@gmail.com>
Date:   Wed Mar 22 21:00:29 2017 -0500

    Added pages for brewery

commit 0236d5a67590835e7c11536027465250c6248d3a
Merge: 9f122b6 c0769d8
Author: Cole Mayo <colemayo@utexas.edu>
Date:   Wed Mar 22 21:00:02 2017 -0500

    Merge branch 'master' of https://github.com/PrakharGarg/idb

commit 9f122b6bd4531ec4a7e97e803aebacf24f3cc675
Author: Cole Mayo <colemayo@utexas.edu>
Date:   Wed Mar 22 20:59:55 2017 -0500

    added makefile that creates virtualenv, deploys to gcp, cleans, and runs #15

commit c0769d85e5dcb54e89fc606c2612ee8ede2c4e03
Author: PrakharGarg <prakhargarg@utexas.edu>
Date:   Wed Mar 22 20:49:35 2017 -0500

    small style fix for images

commit 90e3b12fdcc731c8fc65e5243a83b0a2b5cec02a
Author: Cole Mayo <colemayo@utexas.edu>
Date:   Wed Mar 22 20:37:27 2017 -0500

    adding picture of cole #37

commit 0cb58591d1ae67daed986d0500c2031996274dfa
Merge: 226938e a00acce
Author: Cole Mayo <colemayo@utexas.edu>
Date:   Wed Mar 22 20:36:26 2017 -0500

    Merge branch 'master' of https://github.com/PrakharGarg/idb

commit 226938e449680a9c984a52c3add23b417aa324ba
Author: Cole Mayo <colemayo@utexas.edu>
Date:   Wed Mar 22 20:36:19 2017 -0500

    adding coles/my picture for the about page #37

commit fd7234812b2a2852a6cc91efed2ec69fc2be887a
Author: Arjun Gopisetty <arjun.gopisetty@gmail.com>
Date:   Wed Mar 22 20:28:41 2017 -0500

    Updated pages for venues

commit a00accef4ea43fc04e5c799ccd1f5f60ab6805dc
Author: PrakharGarg <prakhargarg@utexas.edu>
Date:   Wed Mar 22 20:18:39 2017 -0500

    small style fix

commit acb889e542bbd08b9fad0eea2010362b78e396ea
Merge: f6d0647 8a37e26
Author: Cole Mayo <colemayo@utexas.edu>
Date:   Wed Mar 22 20:13:43 2017 -0500

    Merge branch 'master' of https://github.com/PrakharGarg/idb

commit f6d0647f55ee3fd2fcfa28abd943f29f35a51952
Author: Cole Mayo <colemayo@utexas.edu>
Date:   Wed Mar 22 20:12:18 2017 -0500

    rename run.py to app.py resolves #43

commit b3e2563f00afb652c6c4db18b639ede0dc23cc29
Author: Cole Mayo <colemayo@utexas.edu>
Date:   Wed Mar 22 20:10:28 2017 -0500

    remove unnecessary dependencies #39

commit 8a37e262a7d6a6def4086361540ebeca157f75e0
Author: PrakharGarg <prakhargarg@utexas.edu>
Date:   Wed Mar 22 20:01:55 2017 -0500

    changed state title

commit b7435e9dc09075ce0967b476b32301181b0f33ee
Author: Arjun Gopisetty <arjun.gopisetty@gmail.com>
Date:   Wed Mar 22 19:51:41 2017 -0500

    Created venue page

commit 857a5ee7e1259a263ff72481728c6dbc788335be
Author: Prakhar Garg <prakhargarg@utexas.edu>
Date:   Wed Mar 22 19:44:17 2017 -0500

    Transferring API Description file from Apiary.io

commit cb0517723c61a7e26cd82a6a356e894665bacc72
Author: Prakhar Garg <prakhargarg@utexas.edu>
Date:   Wed Mar 22 19:43:38 2017 -0500

    Transferring API Description file from Apiary.io

commit 7f207697f7192355e6e77485659f53257c1becc6
Author: Arjun Gopisetty <arjun.gopisetty@gmail.com>
Date:   Wed Mar 22 19:03:56 2017 -0500

    More work on beer individual page

commit 72fb6de2560eb8a8f5407740e9c4dcdbae1927ea
Merge: 5e7d9fe 1b88d22
Author: Arjun Gopisetty <arjun.gopisetty@gmail.com>
Date:   Wed Mar 22 17:57:40 2017 -0500

    Merge pull request #42 from PrakharGarg/master
    
    Updating branch

commit 1b88d224cc3fe609ab5b058c32ab96c37e9962fe
Author: as43574 <adstorey@gmail.com>
Date:   Wed Mar 22 16:19:39 2017 -0500

    Fixes small mistake in grid data

commit fa888e6aa8c57c04dea8d2999bb6c906e1cc4122
Merge: 107ad99 e379132
Author: as43574 <adstorey@gmail.com>
Date:   Wed Mar 22 16:15:37 2017 -0500

    Merge branch 'master' of https://github.com/PrakharGarg/idb

commit 107ad9932cacd6131869f16451bcac4c09eb6157
Author: as43574 <adstorey@gmail.com>
Date:   Wed Mar 22 16:15:31 2017 -0500

    Completes all data in grids. Links are set, but go to nowhere.

commit e379132b1764d945b37428837d91a768118ce67b
Author: PrakharGarg <prakhargarg@utexas.edu>
Date:   Wed Mar 22 15:32:11 2017 -0500

    added attributes to model.py

commit 436a57051f7e7f07b07bbac1c7a456b7d64ba87d
Author: Patrick Moore <phatrickmoore@gmail.com>
Date:   Wed Mar 22 14:57:39 2017 -0500

    inital steps for model tests

commit b7781ebb08de9f972feee1c06e3b794992df848e
Author: Patrick Moore <phatrickmoore@gmail.com>
Date:   Wed Mar 22 14:27:56 2017 -0500

    final yuml

commit bfdfc26da38fe846b4c54bae22fdf327d1c506d4
Author: Patrick Moore <phatrickmoore@gmail.com>
Date:   Wed Mar 22 14:25:39 2017 -0500

    removed beers.yuml

commit 9673f976904f9c3f1aa22792504c29bc71f87e7c
Merge: fe05fff 516f178
Author: Patrick Moore <phatrickmoore@gmail.com>
Date:   Wed Mar 22 14:21:15 2017 -0500

    Merge branch 'master' into models

commit fe05fff4f24ed6749f8fa062d5cc6ee19763a217
Author: Patrick Moore <phatrickmoore@gmail.com>
Date:   Wed Mar 22 14:20:25 2017 -0500

    added good comments outlining the attributes, their purposes

commit c5ad651b3e2a927948460f21e7dcd99123b0f7a9
Author: as43574 <adstorey@gmail.com>
Date:   Wed Mar 22 14:13:44 2017 -0500

    Adds some data to grids and changes Locations to States

commit 516f178f3ee571c93ad31b0449dfc319650adf39
Merge: c2498d0 1c8184c
Author: Cole Mayo <colemayo@utexas.edu>
Date:   Wed Mar 22 14:07:21 2017 -0500

    Merge branch 'master' of https://github.com/PrakharGarg/idb

commit fcad6c261ed6d0d2dea9988887f36e2b8ceab8b7
Author: Patrick Moore <phatrickmoore@gmail.com>
Date:   Wed Mar 22 13:59:39 2017 -0500

    formatting changes

commit 1c8184cb6ba50d7a67a981ef49d886a58bcce4eb
Author: Patrick Moore <phatrickmoore@gmail.com>
Date:   Wed Mar 22 13:56:51 2017 -0500

    made more consistent with listing relationships as attributes, removed glassware

commit c2498d0184101540a69ae0f447d289e6f9da2ce4
Author: Cole Mayo <colemayo@utexas.edu>
Date:   Wed Mar 22 13:51:09 2017 -0500

    adding gunicorn to requirements.txt #39

commit d7c8717aa8d1d3939777168fcece6562f805c373
Author: Patrick Moore <phatrickmoore@gmail.com>
Date:   Wed Mar 22 13:50:33 2017 -0500

    removed glassware from beer, added commits, cleaned up

commit 26b55e03b45eb9293af60176847b4190d0207ffc
Author: Cole Mayo <colemayo@utexas.edu>
Date:   Wed Mar 22 13:49:49 2017 -0500

    adding basic app.yaml #41

commit 87b71aef0b28e28475bf990eecfa432493777d54
Author: Patrick Moore <phatrickmoore@gmail.com>
Date:   Wed Mar 22 13:46:08 2017 -0500

    basic models and relationships

commit f6a10f5544b9b57df4cd050e137ba7f505818b6f
Author: PrakharGarg <prakhargarg@utexas.edu>
Date:   Wed Mar 22 13:31:11 2017 -0500

    a few fixed to uml

commit 7eb0486836d6fa54570679275171097c7636ec82
Author: PrakharGarg <prakhargarg@utexas.edu>
Date:   Wed Mar 22 13:08:17 2017 -0500

    whoops

commit 54febf9c3bb87d364e21457a5951d97162333726
Merge: 831e873 e56a6e8
Author: Patrick Moore <phatrickmoore@gmail.com>
Date:   Wed Mar 22 12:47:08 2017 -0500

    Merge branch 'master' into yuml

commit 831e873d6c21dcb9d15aa21612d1f12ab70e17f9
Merge: 961016c 9100f35
Author: Patrick Moore <phatrickmoore@gmail.com>
Date:   Wed Mar 22 12:45:33 2017 -0500

    Merge branch 'master' into yuml

commit e56a6e844501e7b7f42991f4fb2f74d36867d357
Author: PrakharGarg <prakhargarg@utexas.edu>
Date:   Wed Mar 22 12:44:39 2017 -0500

    typo in views

commit 8371e9d3547e116b56da82a339473753242d64dd
Merge: 0f854d1 59f791c
Author: PrakharGarg <prakhargarg@utexas.edu>
Date:   Wed Mar 22 12:44:10 2017 -0500

    Merge branch 'master' of https://github.com/PrakharGarg/idb

commit 961016ca58f313d9c5fd13443cbf3254e4031e2e
Author: Patrick Moore <phatrickmoore@gmail.com>
Date:   Wed Mar 22 12:42:51 2017 -0500

    uml pdf diagram

commit 0f854d134e8e691b389a71e8a376a3bfc04a31d2
Author: PrakharGarg <prakhargarg@utexas.edu>
Date:   Wed Mar 22 12:40:52 2017 -0500

    changed locations to states

commit b023c500ef077171eb998f9c769b1ccd79ec7e87
Author: Patrick Moore <phatrickmoore@gmail.com>
Date:   Wed Mar 22 12:40:12 2017 -0500

    changed location to state, less confusing

commit 2efdd4f8448325b560e43fb84dd2cc0beb67f041
Author: Patrick Moore <phatrickmoore@gmail.com>
Date:   Wed Mar 22 12:39:08 2017 -0500

    added fields (some dups) to meet the 5 field minimum

commit 59f791cffdd102ece875f0ac05f873bee0eea1b1
Merge: 2bc3c88 83eedaf
Author: Cole Mayo <colemayo@utexas.edu>
Date:   Wed Mar 22 12:30:47 2017 -0500

    Merge branch 'master' of https://github.com/PrakharGarg/idb

commit 2bc3c88c4c3c1161d61c4b0c93583d2f63814e42
Author: Cole Mayo <colemayo@utexas.edu>
Date:   Wed Mar 22 12:30:30 2017 -0500

    adding requirements.txt #39

commit 768f51c69388a5af991aca47ed65fecca744e570
Author: Patrick Moore <phatrickmoore@gmail.com>
Date:   Wed Mar 22 12:26:47 2017 -0500

    made explicit connection between breweries and venues

commit 545a259e35a7ab213e958d7d4834f2808abf1aac
Author: Patrick Moore <phatrickmoore@gmail.com>
Date:   Wed Mar 22 12:09:11 2017 -0500

    final touches

commit 7663fdad31cf98ab6ac1bb5c9c76a756aa68390d
Author: Patrick Moore <phatrickmoore@gmail.com>
Date:   Wed Mar 22 12:07:16 2017 -0500

    made image arrays for media

commit 231f95f466ecf2c8578d1ce6663c962af12df4c7
Author: Patrick Moore <phatrickmoore@gmail.com>
Date:   Wed Mar 22 11:58:21 2017 -0500

    removed broken link, cleaned up file

commit 384a4458f6f536d2a7a0ee12ad7b7d3fc4ac18d3
Author: Patrick Moore <phatrickmoore@gmail.com>
Date:   Wed Mar 22 11:56:18 2017 -0500

    venue needs at least one beer, beers can be sold at any number of venues, breweries make at least one beer, beer is brewed at one brewery

commit 5887a5dfcda064ff43bb0253d2feed48be93f989
Author: Patrick Moore <phatrickmoore@gmail.com>
Date:   Wed Mar 22 11:48:22 2017 -0500

    venues & breweries have a single location, locations can have any number

commit c276f837ba791f42c8adfa4e6b84ce99704f7f78
Author: Patrick Moore <phatrickmoore@gmail.com>
Date:   Wed Mar 22 11:43:22 2017 -0500

    stubbing out class relationships

commit 35d3429ab08f258d17701bb21e77796378b24881
Author: Patrick Moore <phatrickmoore@gmail.com>
Date:   Wed Mar 22 11:34:35 2017 -0500

    location fields

commit aed40060772644afbecdccb8f73e5aace0eca494
Author: Patrick Moore <phatrickmoore@gmail.com>
Date:   Wed Mar 22 11:34:24 2017 -0500

    venue fields

commit de1659d38872323b5393b28360ac06f072591ead
Author: Patrick Moore <phatrickmoore@gmail.com>
Date:   Wed Mar 22 11:24:43 2017 -0500

    beer fields

commit 55043e1c1466de9c70378c9fe14ddcb9fdacdf4e
Author: Patrick Moore <phatrickmoore@gmail.com>
Date:   Wed Mar 22 11:22:33 2017 -0500

    brewery fields

commit 83eedaf4b00a10f775a93a6b91eeb3164d89d528
Author: PrakharGarg <prakhargarg@utexas.edu>
Date:   Wed Mar 22 11:56:07 2017 -0500

    typo

commit a59f93b1d07e74e1daee71b7f22d6ce35884ddf2
Merge: 9100f35 c59cd62
Author: Prakhar Garg <prakhargarg@utexas.edu>
Date:   Wed Mar 22 11:06:43 2017 -0500

    Merge pull request #38 from PrakharGarg/css
    
    Css

commit c59cd627f512adc7788ae23b58eb8ccbd37d5ab3
Author: PrakharGarg <prakhargarg@utexas.edu>
Date:   Wed Mar 22 11:05:20 2017 -0500

    finished about styling

commit 1cdc3540f218c002723a8f7207cb433da5131e43
Author: PrakharGarg <prakhargarg@utexas.edu>
Date:   Wed Mar 22 09:57:30 2017 -0500

    fixed css stylesheet not showing

commit 9100f351328584ab66efccc4707c7b58e10d00b2
Author: Arjun Gopisetty <arjungopisetty@wireless-10-145-248-78.public.utexas.edu>
Date:   Tue Mar 21 16:06:17 2017 -0500

    Updated about page

commit 16dd29ab4425d1db167771e58b52fc8674647ebf
Author: Patrick Moore <phatrickmoore@gmail.com>
Date:   Tue Mar 21 14:57:47 2017 -0500

    stubbing out basics, link to editable

commit 7c4427173ff86ba7bb3ddc0a7179bc24b3c9ded1
Author: Patrick Moore <phatrickmoore@gmail.com>
Date:   Tue Mar 21 14:53:36 2017 -0500

    added a yuml file to track database/schema structure

commit 3e8a58f0125d5f6cbf1d59a0ba46c248a1872091
Author: Cole Mayo <Cole Mayo>
Date:   Tue Mar 21 14:41:20 2017 -0500

    updated Coles about page #37

commit e223c5807af9b24a1e82704e3355d6c8ee43c0e6
Author: as43574 <adstorey@gmail.com>
Date:   Tue Mar 21 13:55:51 2017 -0500

    Changes grid columns to correct categories

commit 71224889b7e432b950c227241330fa9c0cba59f8
Author: PrakharGarg <prakhargarg@utexas.edu>
Date:   Tue Mar 21 12:33:37 2017 -0500

    small fix

commit 2e5814eb3b2da0ad7ae9e3417780e4b7a0fe0958
Merge: d3ce0bc c7837f2
Author: Prakhar Garg <prakhargarg@utexas.edu>
Date:   Tue Mar 21 12:29:47 2017 -0500

    Merge pull request #35 from PrakharGarg/rest_of_about
    
    Rest of about

commit c7837f270f0556f6916cd6dfdab1466cf8c0779d
Author: PrakharGarg <prakhargarg@utexas.edu>
Date:   Tue Mar 21 12:29:07 2017 -0500

    about page done-ish

commit a094b57f999904513c046c0970b3e2138bb64ff7
Author: PrakharGarg <prakhargarg@utexas.edu>
Date:   Tue Mar 21 11:44:44 2017 -0500

    added data

commit 5e7d9fee95885cae6bb7c80c99daf87b30ba0f74
Merge: 85c307e d3ce0bc
Author: Arjun Gopisetty <arjun.gopisetty@gmail.com>
Date:   Mon Mar 20 22:37:41 2017 -0500

    Merge pull request #33 from PrakharGarg/master
    
    Updating branch

commit d3ce0bc5c825761ace73ad7a99c8003cbf0bcf5c
Merge: 4d94823 74f2049
Author: as43574 <as43574@users.noreply.github.com>
Date:   Mon Mar 20 22:26:36 2017 -0500

    Merge pull request #32 from PrakharGarg/dev2
    
    Dev2 implements basic grid view on search pages

commit 85c307e4b83af6ee0bf176aa9ba4574dce6c7a39
Author: Arjun Gopisetty <arjungopisetty@Arjuns-MacBook-Pro.local>
Date:   Mon Mar 20 22:26:33 2017 -0500

    Initial info for beer pages

commit 74f2049656325c682f35c9d81ab7329f606ac4e5
Author: as43574 <adstorey@gmail.com>
Date:   Mon Mar 20 22:13:20 2017 -0500

    tables are now sortable by row and have search functionality -- still not populated

commit b0cb59642f1601dc67ad6b30261dd812e60f937f
Author: as43574 <adstorey@gmail.com>
Date:   Mon Mar 20 21:41:25 2017 -0500

    fixes typos in grids

commit 253bdc5e0ebe50c0ade82a8d6691f7bc898a243d
Author: as43574 <adstorey@gmail.com>
Date:   Mon Mar 20 20:38:26 2017 -0500

    Corrects table ids on grids

commit 0cc6cfde245dfb858411095f2a07b1e26206606f
Author: as43574 <adstorey@gmail.com>
Date:   Mon Mar 20 20:28:55 2017 -0500

    adds skeleton grid for main search pages -- no links implemented yet

commit ee935cb43851d5b045fa7a9ec4417ad99a67daf6
Author: as43574 <adstorey@gmail.com>
Date:   Mon Mar 20 19:23:30 2017 -0500

    Create branch to work on

commit 4d948231b5bfe9cac7a0aa754e93efbcb1f3d640
Author: as43574 <arthur_storey@yahoo.com>
Date:   Mon Mar 20 17:55:19 2017 -0500

    Correct minor typo, and adds info for Arthur Storey on about page.

commit 221e638d3c6f9443cc7919b7cf49c7711503783b
Merge: 40eed1d dd01d60
Author: Prakhar Garg <prakhargarg@utexas.edu>
Date:   Mon Mar 20 15:50:50 2017 -0500

    Merge pull request #28 from PrakharGarg/about
    
    stats

commit dd01d6061d4daa3497524224c1ca8c7b3e0d9c93
Author: PrakharGarg <prakhargarg@utexas.edu>
Date:   Mon Mar 20 15:49:45 2017 -0500

    stats

commit 40eed1d4abed0daeaceb2e704f577f96d9dd69fe
Merge: 8a84bc1 cdc965c
Author: Prakhar Garg <prakhargarg@utexas.edu>
Date:   Mon Mar 20 15:07:33 2017 -0500

    Merge pull request #26 from PrakharGarg/about
    
    About

commit cdc965c6c706cef6d9694f0597d86e74b47fa9a6
Author: PrakharGarg <prakhargarg@utexas.edu>
Date:   Mon Mar 20 15:05:57 2017 -0500

    quick fix Issue #25

commit 756e02bd3014e3755101f8342989992f96111246
Author: PrakharGarg <prakhargarg@utexas.edu>
Date:   Mon Mar 20 15:02:22 2017 -0500

    meet the team

commit 7928beb6e4045cb1aeb48d7766dd1d31e61e92e0
Author: PrakharGarg <prakhargarg@utexas.edu>
Date:   Mon Mar 20 14:29:47 2017 -0500

    changed splash to not be crappy :D

commit d9891b52d42af044e61ebc75a84d4cec47d58839
Author: PrakharGarg <prakhargarg@utexas.edu>
Date:   Mon Mar 20 14:15:05 2017 -0500

    about welcome

commit 8a84bc11d098be735c851b7f8202a74e241663f3
Merge: 8f5b38c bb35f24
Author: Prakhar Garg <prakhargarg@utexas.edu>
Date:   Mon Mar 20 13:10:36 2017 -0500

    Merge pull request #24 from PrakharGarg/splash
    
    added colors to splash. Issue #11

commit bb35f24810a9c56fa7887d65a19d9708234c5764
Author: PrakharGarg <prakhargarg@utexas.edu>
Date:   Mon Mar 20 13:09:47 2017 -0500

    added colors to splash. Issue #11

commit 8f5b38c9a0f73c6f48189314bc116a2b1a623200
Merge: df2843d c8bb031
Author: Prakhar Garg <prakhargarg@utexas.edu>
Date:   Mon Mar 20 11:02:20 2017 -0500

    Merge pull request #23 from PrakharGarg/splash
    
    Splash page that i accidentally deleted.

commit c8bb031ac832111101d57054030b0987596f6e5b
Author: PrakharGarg <prakhargarg@utexas.edu>
Date:   Mon Mar 20 11:00:52 2017 -0500

    spalsh page. Issue 21

commit d44ebcd253c5bb22374770d0bed92f164f54a46e
Author: PrakharGarg <prakhargarg@utexas.edu>
Date:   Fri Mar 17 11:42:11 2017 -0500

    basic splash page done

commit df2843dafae945e63d7589592433a7489543c246
Merge: 7ebce9c 9e316ba
Author: Prakhar Garg <prakhargarg@utexas.edu>
Date:   Thu Mar 16 12:21:28 2017 -0500

    Merge pull request #20 from PrakharGarg/nav_2.0
    
    Nav Bar done

commit 9e316badb709c75c15bb8f19c19bba44d87f381c
Author: PrakharGarg <prakhargarg@utexas.edu>
Date:   Thu Mar 16 12:21:02 2017 -0500

    nav bar done. Added about page too. Issue #19

commit c1d6a423ae01a550deae6afb60876942f9caa9a2
Author: PrakharGarg <prakhargarg@utexas.edu>
Date:   Thu Mar 16 12:16:07 2017 -0500

    bootstrap nav up

commit 87b109bd6dab0afcd04aeba71d92225a6a1fb6d2
Author: PrakharGarg <prakhargarg@utexas.edu>
Date:   Thu Mar 16 12:00:01 2017 -0500

    added bootstrap

commit 7ebce9c5645b1128d5aae7b1c8e8389febf5aa54
Merge: a8bdae8 c194f62
Author: Prakhar Garg <prakhargarg@utexas.edu>
Date:   Thu Mar 16 11:50:53 2017 -0500

    Merge pull request #18 from PrakharGarg/nav
    
    Basic Nav Bar + Inheritance templates

commit c194f623c9815a7f46d5f2328f2afeddd3ba4f6c
Author: PrakharGarg <prakhargarg@utexas.edu>
Date:   Thu Mar 16 11:48:16 2017 -0500

    basic nav bar created with inheritance Issue #14, Issue #17

commit 24cccb4c385c2a581f85091bfe1fbef3005260e4
Author: PrakharGarg <prakhargarg@utexas.edu>
Date:   Thu Mar 16 11:37:18 2017 -0500

    travis?

commit 7c81e692b3d79da553bed32a892e4a374b3e798d
Author: PrakharGarg <prakhargarg@utexas.edu>
Date:   Thu Mar 16 11:35:43 2017 -0500

    got base html working

commit 8350d0366566d0755428adea3d390439c73c5d32
Author: PrakharGarg <prakhargarg@utexas.edu>
Date:   Thu Mar 16 11:13:47 2017 -0500

    base html

commit a8bdae80ca02a5c9a3dd568ac0ba74f62d598460
Author: PrakharGarg <prakhargarg@utexas.edu>
Date:   Tue Mar 14 12:37:11 2017 -0500

    added all the views. Issue #16

commit 597441dd23e38d76b9b065d9a3038326a5fc3f79
Merge: 210b574 3f5ec89
Author: Prakhar Garg <prakhargarg@utexas.edu>
Date:   Wed Mar 8 14:07:10 2017 -0600

    Merge pull request #8 from PrakharGarg/prakhar_setup
    
    routes. Issue #7

commit 3f5ec892ec6b136acc4ee9b8163a8515747e0391
Author: PrakharGarg <prakhargarg@utexas.edu>
Date:   Wed Mar 8 14:06:31 2017 -0600

    routes. Issue #7

commit 210b5748d32ff2f6afbc60391c049a2e773a4f09
Merge: 7ccac6c 4a95fa6
Author: Prakhar Garg <prakhargarg@utexas.edu>
Date:   Wed Mar 8 13:32:34 2017 -0600

    Merge pull request #6 from PrakharGarg/prakhar_setup
    
    other files we need

commit 4a95fa66e92e78a9399a975c898f7d09484baee8
Author: PrakharGarg <prakhargarg@utexas.edu>
Date:   Wed Mar 8 13:30:33 2017 -0600

    other files we need

commit 7ccac6c3c17cedca3b626d3078cfcb752da75095
Merge: 4252930 6e16f10
Author: Prakhar Garg <prakhargarg@utexas.edu>
Date:   Wed Mar 8 13:08:15 2017 -0600

    Merge pull request #4 from PrakharGarg/prakhar_setup
    
    folders didn't push up

commit 6e16f10bd895fea8232e92bdfd03289395fc9302
Author: PrakharGarg <prakhargarg@utexas.edu>
Date:   Wed Mar 8 13:06:44 2017 -0600

    folders didn't push up

commit 4252930b85342edd7afdb50e2660166f8abbc0c1
Merge: 00c8240 5b0252d
Author: Prakhar Garg <prakhargarg@utexas.edu>
Date:   Wed Mar 8 12:55:51 2017 -0600

    Merge pull request #3 from PrakharGarg/prakhar_setup
    
    setup app. Issue #2

commit 5b0252d019ae1bd4d0f4c511f511720a5518690f
Author: PrakharGarg <prakhargarg@utexas.edu>
Date:   Wed Mar 8 12:54:10 2017 -0600

    setup app. Issue #2

commit 00c824040a85d8aa29c742ebac6e5e85e8102192
Author: PrakharGarg <prakhargarg@utexas.edu>
Date:   Mon Mar 6 16:39:52 2017 -0600

    test slack integration. Issue #1

commit 3aa5062ca3b4de88f78b456e0e2061468cff039c
Author: Prakhar Garg <prakhar@cs.utexas.edu>
Date:   Mon Mar 6 13:44:53 2017 -0600

    readme
